[1] "MOODS_0.Rds"
[1] "MOODS_1.Rds"
[1] "MOODS_10.Rds"
[1] "MOODS_100.Rds"
[1] "MOODS_101.Rds"
[1] "MOODS_102.Rds"
[1] "MOODS_103.Rds"
[1] "MOODS_104.Rds"
[1] "MOODS_105.Rds"
[1] "MOODS_106.Rds"
[1] "MOODS_107.Rds"
[1] "MOODS_108.Rds"
[1] "MOODS_109.Rds"
[1] "MOODS_11.Rds"
[1] "MOODS_110.Rds"
[1] "MOODS_111.Rds"
[1] "MOODS_112.Rds"
[1] "MOODS_113.Rds"
[1] "MOODS_114.Rds"
[1] "MOODS_115.Rds"
[1] "MOODS_116.Rds"
[1] "MOODS_117.Rds"
[1] "MOODS_118.Rds"
[1] "MOODS_119.Rds"
[1] "MOODS_12.Rds"
[1] "MOODS_120.Rds"
[1] "MOODS_121.Rds"
[1] "MOODS_122.Rds"
[1] "MOODS_123.Rds"
[1] "MOODS_124.Rds"
[1] "MOODS_125.Rds"
[1] "MOODS_126.Rds"
[1] "MOODS_127.Rds"
[1] "MOODS_128.Rds"
[1] "MOODS_129.Rds"
[1] "MOODS_13.Rds"
[1] "MOODS_130.Rds"
[1] "MOODS_131.Rds"
[1] "MOODS_132.Rds"
[1] "MOODS_133.Rds"
[1] "MOODS_134.Rds"
[1] "MOODS_135.Rds"
[1] "MOODS_136.Rds"
[1] "MOODS_137.Rds"
[1] "MOODS_138.Rds"
[1] "MOODS_139.Rds"
[1] "MOODS_14.Rds"
[1] "MOODS_140.Rds"
[1] "MOODS_141.Rds"
[1] "MOODS_142.Rds"
[1] "MOODS_143.Rds"
[1] "MOODS_144.Rds"
[1] "MOODS_145.Rds"
[1] "MOODS_146.Rds"
[1] "MOODS_147.Rds"
[1] "MOODS_148.Rds"
[1] "MOODS_149.Rds"
[1] "MOODS_15.Rds"
[1] "MOODS_150.Rds"
[1] "MOODS_151.Rds"
[1] "MOODS_152.Rds"
[1] "MOODS_153.Rds"
[1] "MOODS_154.Rds"
[1] "MOODS_155.Rds"
[1] "MOODS_156.Rds"
[1] "MOODS_157.Rds"
[1] "MOODS_158.Rds"
[1] "MOODS_159.Rds"
[1] "MOODS_16.Rds"
[1] "MOODS_160.Rds"
[1] "MOODS_161.Rds"
[1] "MOODS_162.Rds"
[1] "MOODS_163.Rds"
[1] "MOODS_164.Rds"
[1] "MOODS_165.Rds"
[1] "MOODS_166.Rds"
[1] "MOODS_167.Rds"
[1] "MOODS_168.Rds"
[1] "MOODS_169.Rds"
[1] "MOODS_17.Rds"
[1] "MOODS_170.Rds"
[1] "MOODS_171.Rds"
[1] "MOODS_172.Rds"
[1] "MOODS_173.Rds"
[1] "MOODS_174.Rds"
[1] "MOODS_175.Rds"
[1] "MOODS_176.Rds"
[1] "MOODS_177.Rds"
[1] "MOODS_178.Rds"
[1] "MOODS_179.Rds"
[1] "MOODS_18.Rds"
[1] "MOODS_180.Rds"
[1] "MOODS_181.Rds"
[1] "MOODS_182.Rds"
[1] "MOODS_183.Rds"
[1] "MOODS_184.Rds"
[1] "MOODS_185.Rds"
[1] "MOODS_186.Rds"
[1] "MOODS_187.Rds"
[1] "MOODS_188.Rds"
[1] "MOODS_189.Rds"
[1] "MOODS_19.Rds"
[1] "MOODS_190.Rds"
[1] "MOODS_191.Rds"
[1] "MOODS_192.Rds"
[1] "MOODS_193.Rds"
[1] "MOODS_194.Rds"
[1] "MOODS_195.Rds"
[1] "MOODS_196.Rds"
[1] "MOODS_197.Rds"
[1] "MOODS_198.Rds"
[1] "MOODS_199.Rds"
[1] "MOODS_2.Rds"
[1] "MOODS_20.Rds"
[1] "MOODS_200.Rds"
[1] "MOODS_201.Rds"
[1] "MOODS_202.Rds"
[1] "MOODS_203.Rds"
[1] "MOODS_204.Rds"
[1] "MOODS_205.Rds"
[1] "MOODS_206.Rds"
[1] "MOODS_207.Rds"
[1] "MOODS_208.Rds"
[1] "MOODS_209.Rds"
[1] "MOODS_21.Rds"
[1] "MOODS_210.Rds"
[1] "MOODS_211.Rds"
[1] "MOODS_212.Rds"
[1] "MOODS_213.Rds"
[1] "MOODS_214.Rds"
[1] "MOODS_215.Rds"
[1] "MOODS_216.Rds"
[1] "MOODS_217.Rds"
[1] "MOODS_218.Rds"
[1] "MOODS_219.Rds"
[1] "MOODS_22.Rds"
[1] "MOODS_220.Rds"
[1] "MOODS_221.Rds"
[1] "MOODS_222.Rds"
[1] "MOODS_223.Rds"
[1] "MOODS_224.Rds"
[1] "MOODS_225.Rds"
[1] "MOODS_226.Rds"
[1] "MOODS_227.Rds"
[1] "MOODS_228.Rds"
[1] "MOODS_229.Rds"
[1] "MOODS_23.Rds"
[1] "MOODS_230.Rds"
[1] "MOODS_231.Rds"
[1] "MOODS_232.Rds"
[1] "MOODS_233.Rds"
[1] "MOODS_234.Rds"
[1] "MOODS_235.Rds"
[1] "MOODS_236.Rds"
[1] "MOODS_237.Rds"
[1] "MOODS_238.Rds"
[1] "MOODS_239.Rds"
[1] "MOODS_24.Rds"
[1] "MOODS_240.Rds"
[1] "MOODS_241.Rds"
[1] "MOODS_242.Rds"
[1] "MOODS_243.Rds"
[1] "MOODS_244.Rds"
[1] "MOODS_245.Rds"
[1] "MOODS_246.Rds"
[1] "MOODS_247.Rds"
[1] "MOODS_248.Rds"
[1] "MOODS_249.Rds"
[1] "MOODS_25.Rds"
[1] "MOODS_250.Rds"
[1] "MOODS_251.Rds"
[1] "MOODS_252.Rds"
[1] "MOODS_253.Rds"
[1] "MOODS_254.Rds"
[1] "MOODS_255.Rds"
[1] "MOODS_256.Rds"
[1] "MOODS_257.Rds"
[1] "MOODS_258.Rds"
[1] "MOODS_259.Rds"
[1] "MOODS_26.Rds"
[1] "MOODS_260.Rds"
[1] "MOODS_261.Rds"
[1] "MOODS_262.Rds"
[1] "MOODS_263.Rds"
[1] "MOODS_264.Rds"
[1] "MOODS_265.Rds"
[1] "MOODS_266.Rds"
[1] "MOODS_267.Rds"
[1] "MOODS_268.Rds"
[1] "MOODS_269.Rds"
[1] "MOODS_27.Rds"
[1] "MOODS_270.Rds"
[1] "MOODS_271.Rds"
[1] "MOODS_272.Rds"
[1] "MOODS_273.Rds"
[1] "MOODS_274.Rds"
[1] "MOODS_275.Rds"
[1] "MOODS_276.Rds"
[1] "MOODS_277.Rds"
[1] "MOODS_278.Rds"
[1] "MOODS_279.Rds"
[1] "MOODS_28.Rds"
[1] "MOODS_280.Rds"
[1] "MOODS_281.Rds"
[1] "MOODS_282.Rds"
[1] "MOODS_283.Rds"
[1] "MOODS_284.Rds"
[1] "MOODS_285.Rds"
[1] "MOODS_286.Rds"
[1] "MOODS_287.Rds"
[1] "MOODS_288.Rds"
[1] "MOODS_289.Rds"
[1] "MOODS_29.Rds"
[1] "MOODS_290.Rds"
[1] "MOODS_291.Rds"
[1] "MOODS_292.Rds"
[1] "MOODS_293.Rds"
[1] "MOODS_294.Rds"
[1] "MOODS_295.Rds"
[1] "MOODS_296.Rds"
[1] "MOODS_297.Rds"
[1] "MOODS_298.Rds"
[1] "MOODS_299.Rds"
[1] "MOODS_3.Rds"
[1] "MOODS_30.Rds"
[1] "MOODS_300.Rds"
[1] "MOODS_301.Rds"
[1] "MOODS_302.Rds"
[1] "MOODS_303.Rds"
[1] "MOODS_304.Rds"
[1] "MOODS_305.Rds"
[1] "MOODS_306.Rds"
[1] "MOODS_307.Rds"
[1] "MOODS_308.Rds"
[1] "MOODS_309.Rds"
[1] "MOODS_31.Rds"
[1] "MOODS_310.Rds"
[1] "MOODS_311.Rds"
[1] "MOODS_312.Rds"
[1] "MOODS_313.Rds"
[1] "MOODS_314.Rds"
[1] "MOODS_315.Rds"
[1] "MOODS_316.Rds"
[1] "MOODS_317.Rds"
[1] "MOODS_318.Rds"
[1] "MOODS_319.Rds"
[1] "MOODS_32.Rds"
[1] "MOODS_320.Rds"
[1] "MOODS_321.Rds"
[1] "MOODS_322.Rds"
[1] "MOODS_323.Rds"
[1] "MOODS_324.Rds"
[1] "MOODS_325.Rds"
[1] "MOODS_326.Rds"
[1] "MOODS_327.Rds"
[1] "MOODS_328.Rds"
[1] "MOODS_329.Rds"
[1] "MOODS_33.Rds"
[1] "MOODS_330.Rds"
[1] "MOODS_331.Rds"
[1] "MOODS_332.Rds"
[1] "MOODS_333.Rds"
[1] "MOODS_334.Rds"
[1] "MOODS_335.Rds"
[1] "MOODS_336.Rds"
[1] "MOODS_337.Rds"
[1] "MOODS_338.Rds"
[1] "MOODS_339.Rds"
[1] "MOODS_34.Rds"
[1] "MOODS_340.Rds"
[1] "MOODS_341.Rds"
[1] "MOODS_342.Rds"
[1] "MOODS_343.Rds"
[1] "MOODS_344.Rds"
[1] "MOODS_345.Rds"
[1] "MOODS_346.Rds"
[1] "MOODS_347.Rds"
[1] "MOODS_348.Rds"
[1] "MOODS_349.Rds"
[1] "MOODS_35.Rds"
[1] "MOODS_350.Rds"
[1] "MOODS_351.Rds"
[1] "MOODS_352.Rds"
[1] "MOODS_353.Rds"
[1] "MOODS_354.Rds"
[1] "MOODS_355.Rds"
[1] "MOODS_356.Rds"
[1] "MOODS_357.Rds"
[1] "MOODS_358.Rds"
[1] "MOODS_359.Rds"
[1] "MOODS_36.Rds"
[1] "MOODS_360.Rds"
[1] "MOODS_361.Rds"
[1] "MOODS_362.Rds"
[1] "MOODS_363.Rds"
[1] "MOODS_364.Rds"
[1] "MOODS_365.Rds"
[1] "MOODS_366.Rds"
[1] "MOODS_367.Rds"
[1] "MOODS_368.Rds"
[1] "MOODS_369.Rds"
[1] "MOODS_37.Rds"
[1] "MOODS_370.Rds"
[1] "MOODS_371.Rds"
[1] "MOODS_372.Rds"
[1] "MOODS_373.Rds"
[1] "MOODS_374.Rds"
[1] "MOODS_375.Rds"
[1] "MOODS_376.Rds"
[1] "MOODS_377.Rds"
[1] "MOODS_378.Rds"
[1] "MOODS_379.Rds"
[1] "MOODS_38.Rds"
[1] "MOODS_380.Rds"
[1] "MOODS_381.Rds"
[1] "MOODS_382.Rds"
[1] "MOODS_383.Rds"
[1] "MOODS_384.Rds"
[1] "MOODS_385.Rds"
[1] "MOODS_386.Rds"
[1] "MOODS_387.Rds"
[1] "MOODS_388.Rds"
[1] "MOODS_389.Rds"
[1] "MOODS_39.Rds"
[1] "MOODS_390.Rds"
[1] "MOODS_391.Rds"
[1] "MOODS_392.Rds"
[1] "MOODS_393.Rds"
[1] "MOODS_394.Rds"
[1] "MOODS_395.Rds"
[1] "MOODS_396.Rds"
[1] "MOODS_397.Rds"
[1] "MOODS_398.Rds"
[1] "MOODS_4.Rds"
[1] "MOODS_40.Rds"
[1] "MOODS_41.Rds"
[1] "MOODS_42.Rds"
[1] "MOODS_43.Rds"
[1] "MOODS_44.Rds"
[1] "MOODS_45.Rds"
[1] "MOODS_46.Rds"
[1] "MOODS_47.Rds"
[1] "MOODS_48.Rds"
[1] "MOODS_49.Rds"
[1] "MOODS_5.Rds"
[1] "MOODS_50.Rds"
[1] "MOODS_51.Rds"
[1] "MOODS_52.Rds"
[1] "MOODS_53.Rds"
[1] "MOODS_54.Rds"
[1] "MOODS_55.Rds"
[1] "MOODS_56.Rds"
[1] "MOODS_57.Rds"
[1] "MOODS_58.Rds"
[1] "MOODS_59.Rds"
[1] "MOODS_6.Rds"
[1] "MOODS_60.Rds"
[1] "MOODS_61.Rds"
[1] "MOODS_62.Rds"
[1] "MOODS_63.Rds"
[1] "MOODS_64.Rds"
[1] "MOODS_65.Rds"
[1] "MOODS_66.Rds"
[1] "MOODS_67.Rds"
[1] "MOODS_68.Rds"
[1] "MOODS_69.Rds"
[1] "MOODS_7.Rds"
[1] "MOODS_70.Rds"
[1] "MOODS_71.Rds"
[1] "MOODS_72.Rds"
[1] "MOODS_73.Rds"
[1] "MOODS_74.Rds"
[1] "MOODS_75.Rds"
[1] "MOODS_76.Rds"
[1] "MOODS_77.Rds"
[1] "MOODS_78.Rds"
[1] "MOODS_79.Rds"
[1] "MOODS_8.Rds"
[1] "MOODS_80.Rds"
[1] "MOODS_81.Rds"
[1] "MOODS_82.Rds"
[1] "MOODS_83.Rds"
[1] "MOODS_84.Rds"
[1] "MOODS_85.Rds"
[1] "MOODS_86.Rds"
[1] "MOODS_87.Rds"
[1] "MOODS_88.Rds"
[1] "MOODS_89.Rds"
[1] "MOODS_9.Rds"
[1] "MOODS_90.Rds"
[1] "MOODS_91.Rds"
[1] "MOODS_92.Rds"
[1] "MOODS_93.Rds"
[1] "MOODS_94.Rds"
[1] "MOODS_95.Rds"
[1] "MOODS_96.Rds"
[1] "MOODS_97.Rds"
[1] "MOODS_98.Rds"
[1] "MOODS_99.Rds"
Job ID: 14924852
Cluster: puhti
User/Group: mariaosm/mariaosm
State: RUNNING
Cores: 1
CPU Utilized: 15:58:03
CPU Efficiency: 99.01% of 16:07:35 core-walltime
Job Wall-clock time: 16:07:35
Memory Utilized: 126.54 GB
Memory Efficiency: 63.27% of 200.00 GB
Job consumed 338.65 CSC billing units based on following used resources
Billed project: project_2006203
CPU BU: 16.13
Mem BU: 322.53
WARNING: Efficiency statistics may be misleading for RUNNING jobs.
