[1] 111
[1] "ALX3_Methyl-HT-SELEX_TGCATG40NATG_KO_CYAATTAN_1_3_NO"
[1] "ALX4_EOMES_CAP-SELEX_TGCACG40NTTG_AAD_NGYGYTAAYNNNNNNTNACACNN_1_3_NO"
[1] "ALX4_TBX21_CAP-SELEX_TGGCAC40NAAG_AAD_RGGTGNTAATNNNNNNNNNCASYNN_1_3_NO"
[1] "ARNTL_BHLHA15_CAP-SELEX_TGGTCT40NCTT_AAC_RKCACGTGNNNMCATATGKN_2_3_YES"
[1] "AR_HT-SELEX_TCTTCT20NCTG_AD_RRGWACANNNTGTWCYY_2_4_NO"
[1] "ASCL2_HT-SELEX_TTCTCC40NAGA_KAE_ACACGACGCN_1_4_YES"
[1] "ATF2_FLI1_TACAGA40NAGAT_YYIII_NTGACGTMACCGGAWRYN_m2_c3b0_short"
[1] "ATF2_TBX4_TTAGAG40NCGG_YWII_NAGGTGACGTGTNRN_m1_c3b0_short"
[1] "ATF2_TBX4_TTAGAG40NCGG_YWII_NAGGTGTKACGTMAN_m1_c3b0_short"
[1] "ATF3_TEAD4_TGAGAG40NTGTG_YJII_CATTCCNNNNNNNTGACGTMA_m1_c3b0_short"
[1] "ATF4_CEBPB_CAP-SELEX_TCCATG40NCAC_AT_NNATGAYGCAAYN_1_3_NO"
[1] "ATF6B_FLI1_TAACTA40NCTGT_YYIII_NMCGGAWNYACGTMAN_m1_c3b0u_short"
[1] "ATOH1_HOXC10_TTCGGG40NGAG_YAEIII_NYMRTAAANNNNNCATATGN_m1_c3b0_short"
[1] "ATOH1_ONECUT1_TCCATG40NCAC_YJII_CATATGNNNNNNATCGAT_m1_c3b0_short"
[1] "ATOH1_POU2F2_TTCGGG40NGAG_YAAIIII_CATATGCTAATY_m1_c3b0_short"
[1] "ATOH1_TEAD4_TTCGGG40NGAG_YJII_NCATATGNNNNNNRCATTCCN_m2_c3b0_short"
[1] "Atoh1_HT-SELEX_TAGTCC20NCTT_Z_RNCATATGNY_1_3_YES"
[1] "BACH2_HT-SELEX_TTCGAG40NGCG_KR_NWWNNATGACGTCAYNNWWN_2_2_NO"
[1] "BARHL1_MEF2C_TTGCGA40NTACG_YAFIII_CCATAAAYGG_m1_c3b0_short"
[1] "BARHL1_Methyl-HT-SELEX_TAAACG40NGCC_KT_NTAATTGN_1_3_YES"
[1] "BARHL1_TEAD4_TTGCGA40NTACG_YJII_NCATTCCNNCAATTAN_m1_c3b0_short"
[1] "BARHL1_TEAD4_TTGCGA40NTACG_YJII_NCATTCCNNCGTTTAN_m1_c3b0_short"
[1] "BARHL1_TEAD4_TTGCGA40NTACG_YJII_NTAAACGNNNNCATTCCN_m1_c3b0_short"
[1] "BARHL1_TEAD4_TTGCGA40NTACG_YJII_NTAATTGNNNNCATTCCN_m1_c3b0_short"
[1] "BARHL2_HT-SELEX_TATTGT20NGTG_AC_TAAWYGNNNNTAAWYG_1_3_NO"
[1] "BARHL2_HT-SELEX_TCTCCA40NGGA_KT_NTAAACGNY_1_2_NO"
[1] "BARHL2_TBX4_TTGGAC40NGTG_YWII_NAGGTGHTAATTGN_m1_c3b0_short"
[1] "BARHL2_TBX4_TTGGAC40NGTG_YWII_NTAAAMGGTGTNRN_m1_c3b0_short"
[1] "BARHL2_TGIF2LX_TTGGAC40NGTG_YVII_NTGWCATAAAYGN_m1_c3b0_short"
[1] "BARX1_HT-SELEX_TATTCG20NCTG_AC_CNATTAAAWANCNATTA_2_3_YES"
[1] "BARX2_HT-SELEX_TAGTTA40NGTG_KZ_NWWAAYCATTAN_1_2_NO"
[1] "BATF3_HT-SELEX_TGCAAA40NGAA_KN_NRTGAYGTCAYN_1_3_NO"
[1] "BATF_HT-SELEX_TTACAG40NGTG_KAE_NMATGACACN_1_3b0_YES"
[1] "BBX_HT-SELEX_TGGACT40NAAT_KS_TGAWCNNNGWTCA_1_4_NO"
[1] "BCL11B_HT-SELEX_TTCACC40NGCT_KT_GTGAACRNNNNNNYTACAC_1_4_YES"
[1] "BCL6B_HT-SELEX_TGAAGC40NCTA_KR_NYGCTTTCKAGGAATN_2_2_NO"
[1] "BCL6B_HT-SELEX_TGAAGC40NCTA_KR_RYGTAATCGAGGAATW_2_2_NO"
[1] "BCL6B_HT-SELEX_TGCGGG20NGA_AC_TGCTTTCTAGGAATTMM_2_4_YES"
[1] "BHLHA15_EN2_TTTATG40NTAA_YRIII_TAATTANNNCATATG_m1_c3b0_short"
[1] "BHLHB2_FLI1_TGCAGG40NTCTA_YYIII_NRCCGGAARTCACGMN_m2_c3b0_short"
[1] "BHLHB5_TEAD4_TCTGCA40NTGGG_YJII_NAMCATATGKTNNNNNCATTCN_m2_c3b0_short"
[1] "BHLHB8_TBX21_TAGCGT40NTCA_YYI_NAGGTGTNAMCAGCTGKN_m2_c3b0_short"
[1] "BHLHB8_TBX21_TAGCGT40NTCA_YYI_NMCAGCTGKNNAGGTGTNAN_m2_c3b0_short"
[1] "CDX1_HES7_TCACTC40NCAG_YKIII_CACGTGNCATAAA_m1_c3b0_short"
[1] "CDX1_SOX11_TCACTC40NCAG_YUIII_NAACAATAAAAN_m1_c3b0_short"
[1] "CDX1_TGIF2LX_TCGACG40NTAA_YVII_NTGTCATAAAAN_m1_c3b0_short"
[1] "CDX2_HT-SELEX_TGGCCT40NTAT_KO_NYAATAAAN_1_4b0_NO"
[1] "CEBPB_FOXD2_TCCTCT40NGTC_YWI_NTTRYGTAAACAN_m1_c3b0_short"
[1] "CEBPE_TBX21_TGGGCT40NGTT_YYI_NAGGTGTYGCAAN_m1_c3b0u_short"
[1] "CEBPE_TGIF2LX_TGGGCT40NGTT_YVII_NATTGTGACATN_m1_c3b0_short"
[1] "CEBPG_CREB3L1_CAP-SELEX_TGACTT40NGGT_AS_NGCCACGCAAYN_1_3_YES"
[1] "CEBPG_ELF1_CAP-SELEX_TATGAC40NTCA_AS_TTGCGYAANNSCGGAAGN_2_3_YES"
[1] "CEBPG_HT-SELEX_TAAAAT20NCG_AC_NTTRCGCAAY_1_2_NO"
[1] "CENPB_HT-SELEX_TGCTGT20NGTC_AD_CCCGCNTNNNRCGAA_1_3_YES"
[1] "CLOCK_EVX1_CAP-SELEX_TCTTAC40NGCG_AX_ATRATYANNNNCACGTG_1_3b0_YES"
[1] "CLOCK_EVX1_CAP-SELEX_TCTTAC40NGCG_AX_CACGTGNNNTAATKAT_1_3b1_YES"
[1] "CLOCK_EVX1_CAP-SELEX_TCTTAC40NGCG_AX_TAATTANNNNNNCACGTG_1_3b0_YES"
[1] "CLOCK_EVX1_CAP-SELEX_TCTTAC40NGCG_AX_YRATTANNNNNNNCACGTG_1_3b0_YES"
[1] "CLOCK_FIGLA_CAP-SELEX_TCGGCA40NAGC_AX_NCASSTGKNNNNNNNNCACGTGN_1_2_YES"
[1] "CLOCK_FIGLA_CAP-SELEX_TCGGCA40NAGC_AX_NCASSTGKNNNNNNNNNCACGTGN_1_2_YES"
[1] "CLOCK_Methyl-HT-SELEX_TAAATA40NTAT_KN_NMCAYGYGYN_1_2_YES"
[1] "CLOCK_NHLH1_CAP-SELEX_TAGATT40NACA_AX_NNCAGCTGNNNNNNCACGTGNN_1_2_YES"
[1] "CLOCK_NHLH1_CAP-SELEX_TAGATT40NACA_AX_NRCAGCTGNNNNNCACGTGNN_1_2_YES"
[1] "CLOCK_TBX3_CAP-SELEX_TGGCCA40NTTC_AX_GGTGTGNNNNNCACGTG_1_3b0_YES"
[1] "CLOCK_TEAD4_TTGCTT40NCCA_YJII_CACGTGNNNNNNNNATTCC_m1_c3b0_short"
[1] "CPSF4_HT-SELEX_TTGTCC40NTAG_KZ_MCCNCCNCCNCCCCNCCCCCNCCAN_2_4_YES"
[1] "CREB1_ELK1_TAACTG40NCGCG_YRII_NCGGAWRTGACGTNNN_m1_c3b0_short"
[1] "CREB1_FLI1_TAACTG40NCGCG_YYIII_NRTGACGTACCGGAARYN_m2_c3b0u_short"
[1] "CREB1_HT-SELEX_TTTGAC40NGGT_KR_NRTGACGTN_1_4_YES"
[1] "CREB1_IRF7_TAACTG40NCGCG_YAEIIII_TGACGNNNCGAAA_m1_c3b0_short"
[1] "CREB1_Methyl-HT-SELEX_TGCACC40NAGA_KR_NRTGAYGCGTN_1_4_YES"
[1] "CREB3L1_HT-SELEX_TCTTTA40NGGA_KX_TGCCACGTGTACR_1_4_NO"
[1] "CREB3L4_HT-SELEX_TATTTC40NGCA_KO_YGCCACGTCAYN_1_3_YES"
[1] "CREB3_HT-SELEX_TCACAT40NATG_KW_NGCCACGTGKMN_1_3_YES"
[1] "CREB5_TBX21_TAGAGC40NTAG_YYI_NAGGTGTNARTGACGTMN_m2_c3b0_short"
[1] "CREM_HOXA2_TCATAG40NGGT_YJI_ACGTMATTA_m0_c3b0_short"
[1] "CREM_TEAD4_TACCAA40NTTA_YJII_CATTCCNNNNTGACGT_m2_c3b0_short"
[1] "CTCF_HT-SELEX_TAGCGA20NGCT_AJ_NGCGCCMYCTAGYGGTN_2_4_YES"
[1] "CUX1_FOXI1_CAP-SELEX_TCCTCT40NGTC_AY_RTAAACANNNNNATCRATN_1_3_NO"
[1] "CUX1_HOXA13_CAP-SELEX_TCGGTA40NTGA_AY_ATCRATNNNNYCRTAAA_1_3_YES"
[1] "CUX1_HOXB13_CAP-SELEX_TACGCA40NAAT_AY_SYMRTAAANATYGATN_1_3_NO"
[1] "CUX1_HT-SELEX_TAGCAG40NACT_AI_ATCRATNNNNNATCRAT_1_3_YES"
[1] "CUX1_HT-SELEX_TAGCAG40NACT_AI_ATCRATNNNNNNATCRAT_1_3_YES"
[1] "CUX1_HT-SELEX_TTAGCG40NAGA_KP_NYATYGATYN_1_3_YES"
[1] "CUX1_NHLH1_CAP-SELEX_TGCTAT40NCAG_AY_NNCAGCTGNNNNNNNNATCGATN_1_3_YES"
[1] "CUX1_NHLH1_CAP-SELEX_TGCTAT40NCAG_AY_NNCAGCTGNNNNNNNNNATYGATN_1_3_YES"
[1] "CUX1_PITX1_CAP-SELEX_TGGCAG40NCCT_AY_GGATTANNNNATCRATN_1_3_YES"
[1] "CUX1_POU2F2_TATTCA40NTCAG_YAAIIII_NATCGATTATGCAAATNN_m2_c3b0_short"
[1] "CUX1_RFX5_CAP-SELEX_TTCACG40NAGT_AY_RATCRATNNNNNNNNNNRGYAAC_1_3b0_YES"
[1] "CUX1_RFX5_CAP-SELEX_TTCACG40NAGT_AY_RATCRATNNNNNNNNNRGYAAC_1_3b0_YES"
[1] "CUX1_SOX15_CAP-SELEX_TGCTTC40NTTA_AY_ATCRATNNNNNNNNSYATTGTT_1_3b0_YES"
[1] "CUX1_SOX15_CAP-SELEX_TGCTTC40NTTA_AY_NATCRATNNNNNNNAACAATRS_1_3b0_YES"
[1] "CUX1_SOX15_CAP-SELEX_TGCTTC40NTTA_AY_NATCRATNNNNNNNNAACAATRS_1_3b0_YES"
[1] "CUX1_SRF_CAP-SELEX_TGAAAT40NCAA_AY_NCCATAYWNGGWNNNNATCRATN_1_3_YES"
[1] "CUX1_TBX21_CAP-SELEX_TGGCAC40NAAG_AY_NTCACACMNNNATCRATN_1_3_YES"
[1] "CUX1_TBX21_CAP-SELEX_TGGCAC40NAAG_AY_TMACACCYAATA_1_3_YES"
[1] "CUX1_TBX3_CAP-SELEX_TGGGCT40NGTT_AY_AGGTGTGNNNNATCRAT_1_3b0_YES"
[1] "CUX2_HT-SELEX_TCCACC40NTTA_KP_NTGATCGATYRN_1_3_NO"
[1] "DLX1_TBX4_TGTATA40NGGT_YWII_NAGGTGTAATTAN_m1_c3b0_short"
[1] "DLX1_TBX4_TGTATA40NGGT_YWII_NAGGTGTNATAATTRN_m1_c3b0_short"
[1] "DLX2_TGIF2LX_TTGACT40NAGT_YVII_NTGTCAAATTAN_m1_c3b0_short"
[1] "DLX2_TGIF2LX_TTGACT40NAGT_YVII_NYAATTATGTCAN_m1_c3b0_short"
[1] "DLX3_HT-SELEX_TGGAGA40NCCA_KW_NYAATTAN_1_2_NO"
[1] "DLX5_TBX4_TCAAGA40NCGC_YWII_NAGGTGTTRATKRGGTGNNRN_m2_c3b0u_short"
[1] "DMBX1_TEAD4_TGTCTC40NAACT_YJII_GGATTAACATTCC_m1_c3b0_short"
[1] "DMRT1_HT-SELEX_TCTCCT40NCCT_KV_NNTYGNTACATN_1_3_NO"
[1] "DMRTC2_HT-SELEX_TCACAT40NATG_KS_RAACGATACA_1_4_YES"
[1] "DPF1_HT-SELEX_TTGCTT40NCCA_KP_NCTATAGGTGN_1_3_YES"
[1] "DPRX_HT-SELEX_TCGAAG30NAAT_AI_NRGATAATCYN_1_2_NO"
[1] "DRGX_TGIF2LX_TGTAGT40NGAT_YVII_NMTGTCAATTAN_m1_c3b0_short"
[1] "DRGX_TGIF2LX_TGTAGT40NGAT_YVII_NYAATTANTGTCAN_m1_c3b0_short"
[1] "DUXA_HT-SELEX_TTCACA20NTA_AF_NTRAYNTAATCAN_1_2_YES"
[1] "E2F1_ELK1_CAP-SELEX_TATGTA40NTGT_AX_SGCGCNNNNNCGGAAGN_1_2_YES"
[1] "E2F1_ELK1_CAP-SELEX_TATGTA40NTGT_AX_SGCGCNNNNNNNNNNCGGAAGN_1_2_YES"
[1] "E2F1_ELK1_CAP-SELEX_TATGTA40NTGT_AX_SGCGCNNNNNNNNNNNCGGAAGN_1_2_YES"
[1] "E2F1_EOMES_CAP-SELEX_TGCACG40NTTG_AX_NGGTGTGNNNGGCGCSNNNCRC_1_3_YES"
[1] "E2F1_EOMES_CAP-SELEX_TGCACG40NTTG_AX_RGGTGTNNNGGCGSNNTNNCRSNN_1_3_NO"
[1] "E2F1_HES7_CAP-SELEX_TAAGGG40NACC_AX_RRCRCGYGYNNNNSGCGCSN_1_3_YES"
[1] "E2F1_HES7_CAP-SELEX_TAAGGG40NACC_AX_SRCRCGYGSYNNNNSGCGCSN_1_3_YES"
[1] "E2F1_NHLH1_CAP-SELEX_TGCTTT40NAGA_AX_SGCGCCNNNNNNNNNNNNCAGCTGNN_1_3b1_YES"
[1] "E2F2_HT-SELEX_TTCAAG40NGCC_KV_GCGCGCGCGYW_1_3b0_YES"
[1] "E2F3_DRGX_CAP-SELEX_TTATAA40NGTG_AAA_SGCGCTAATTKN_1_2_YES"
[1] "E2F3_FOXI1_CAP-SELEX_TCCTCT40NGTC_AAA_NNMCACCGCGCCCMN_1_3_YES"
[1] "E2F3_FOXO6_CAP-SELEX_TCCGAA40NGGC_AAA_NMATGACACGCGCCMNN_2_3_YES"
[1] "E2F3_HT-SELEX_TTACAT20NACA_AF_NNAAATGGCGCCAAAANN_2_4_YES"
[1] "E2F3_ONECUT2_CAP-SELEX_TTGAAG40NCTC_AAA_NNSGCGCSNNNATCGAYN_1_3_YES"
[1] "E2F3_ONECUT2_CAP-SELEX_TTGAAG40NCTC_AAA_NNSGCGCSNNNNATCGAYN_1_3_YES"
[1] "E2F3_TBX21_CAP-SELEX_TGGCAC40NAAG_AAA_NGGTGTGNNGGCGCSN_1_3b1_YES"
[1] "E2F3_TBX21_CAP-SELEX_TGGCAC40NAAG_AAA_NGGTGTGNNNGGCGCSN_1_3b1_YES"
[1] "E2F4_HOXA2_TACGTG40NGAG_YJI_ACCGCTAATT_m1_c3b0u_short"
[1] "E2F7_Methyl-HT-SELEX_TCATGT40NCTG_KP_NTTTCCCGCCAAAN_2_3_YES"
[1] "E2F8_HT-SELEX_GGCTT14N_U_TTTCCCGCCAAA_2_4_YES"
[1] "EBF1_HT-SELEX_TATAAG20NCG_AC_NNTCCCNNGGGANN_1_3_YES"
[1] "EGR1_HT-SELEX_TCTCTT20NGA_Y_NMCGCCCMCGCANN_2_2_YES"
[1] "EGR1_TEAD4_TGCTAA40NAACA_YJII_NCRCCCACRCAMATTCCN_m2_c3b0_short"
[1] "EHF_HT-SELEX_TCTTGA20NGTG_AG_NACCCGGAAGTA_2_3_NO"
[1] "ELF1_HOXA2_TTCATT40NTAT_YJI_TAATTNNGGAAG_m1_c3b0_short"
[1] "ELF1_RUNX2_TTACAA40NGGAG_YII_NMGGAAGNNGCGGTN_m1_c3b0_short"
[1] "ELF1_TBX21_TTCATT40NTAT_YYI_NAGGTGTNAYWTCCGGN_m2_c3b0u_short"
[1] "ELF2_FOXD2_TTATGG40NCCA_YWI_NACCGGAWGTTTRYNTWN_m2_c3b0_short"
[1] "ELF2_FOXD2_TTATGG40NCCA_YWI_NWANGYAAACACGGAARYN_m2_c3b0_short"
[1] "ELF3_HT-SELEX_TACATC40NATA_KP_NATAACGGATGYN_1_3_YES"
[1] "ELF3_HT-SELEX_TACATC40NATA_KP_NATKGCGGATGYN_1_3_YES"
[1] "ELF3_HT-SELEX_TACATC40NATA_KP_NATRCGGATGYN_1_3_YES"
[1] "ELF3_HT-SELEX_TATGTA40NTGT_KW_NTGTGCGGATGCN_1_3_YES"
[1] "ELF3_Methyl-HT-SELEX_TCCTCT40NGTC_KP_ACCAGGAAGNNNNNNNNNWWWWW_2_3_YES"
[1] "ELF4_TGIF2LX_TCTAGA40NCGA_YVII_NMGGAAGTGWCAN_m1_c3b0_short"
[1] "ELF4_TGIF2LX_TCTAGA40NCGA_YVII_NTGWCAGGAAGYN_m1_c3b0_short"
[1] "ELF5_HT-SELEX_TCGTCA40NCTA_KT_NANNMGGAAGTN_1_4_YES"
[1] "ELF5_IRF8_TGACCG40NTGCT_YQIIII_YGAAANNAGGAAGT_m1_c3b0_short"
[1] "ELK1_EOMES_CAP-SELEX_TGAGTC40NAAC_AAA_RGGTGNGANNNNNNNNTNNCACCGGAAGY_2_2_NO"
[1] "ELK1_EOMES_CAP-SELEX_TGAGTC40NAAC_AAA_RSCGGAANNAGGYGYNA_1_2_YES"
[1] "ELK1_EOMES_CAP-SELEX_TGAGTC40NAAC_AAA_TNRCACCGGAAGN_1_2_NO"
[1] "ELK1_EVX1_CAP-SELEX_TGGAAT40NAAT_AAD_RSCGGWANNNNYMATTA_1_3_YES"
[1] "ELK1_FOXI1_CAP-SELEX_TAGTCA40NTCT_AAA_RSCGGAANNRTMAAYAN_1_3_YES"
[1] "ELK1_FOXI1_CAP-SELEX_TAGTCA40NTCT_AAA_RSCGGAANRWMAACAN_1_3_YES"
[1] "ELK1_FOXI1_CAP-SELEX_TGTGTC40NTGG_AAD_RSCGGAANNRTMAAYA_1_3b1_YES"
[1] "ELK1_FOXI1_CAP-SELEX_TGTGTC40NTGG_AAD_RSCGGAANRTMAAYA_1_3b1_YES"
[1] "ELK1_HOXA3_CAP-SELEX_TCTGTG40NAGA_AAA_NCCGGWNNNNNNNNNNNSCATTAN_1_2_YES"
[1] "ELK1_HOXB13_CAP-SELEX_TCTATG40NTAG_AAD_RNCGGAANYNRTWAAN_1_2_NO"
[1] "ELK1_HT-SELEX_TGAGTG20NTGA_AG_NACTTCCGSCGGAARMN_2_3_YES"
[1] "ELK1_ISX_TACTCT40NAAC_YUIIII_CGGAANNNNAATTA_m1_c3b0_short"
[1] "ELK1_ONECUT2_CAP-SELEX_TCCAGG40NTAG_AAA_RSCGGAASNGRTCGATAN_2_2_YES"
[1] "ELK1_PAX5_CAP-SELEX_TCAGTT40NTTG_AAA_RSCGGAACYACGCWYSANTG_2_2_YES"
[1] "ELK1_RUNX2_TCCTTG40NTGGC_YII_NCCGGAANNNGCGGTN_m1_c3b0_short"
[1] "ELK1_SREBF2_CAP-SELEX_TCTTTG40NACT_AAA_RSCGGAANTSRCGTGA_1_2_YES"
[1] "ELK1_TBX21_CAP-SELEX_TGTTCA40NCTG_AAD_ANGTGNNANNNNNNNNNNNCNNMGGAWNN_1_3_YES"
[1] "ELK1_TBX21_TACTCT40NAAC_YYI_NAGGTGTGAMCGGAAGTN_m2_c3b0u_short"
[1] "ELK1_TCF7L1_TCCTTG40NTGGC_YAFII_NCCGGANNNNNATCAAA_m1_c3b0_short"
[1] "ELK3_GCM1_TGGTAT40NTGA_YACII_NRTGNGGGCGGAAGTN_m2_c3b0u_short"
[1] "ELK3_HT-SELEX_TCCCTG40NGTA_KS_NTCGTAAATGCN_1_2_NO"
[1] "ELK3_ISX_TGGTAT40NTGA_YUIIII_CGGAANNNNNAATTA_m1_c3b0_short"
[1] "EMX1_HT-SELEX_TCGCAT30NACT_AI_YMATTARYTAATKR_1_3_YES"
[1] "EN1_HT-SELEX_TGTAGG20NGA_Y_TAATTRSNYAATTA_2_3_YES"
[1] "EN2_SIX6_TTACTT40NGTAT_YVI_NGGTATAAGTAN_m1_c3b0_short"
[1] "EOMES_HT-SELEX_TGTAAA30NAAG_AI_TCACACCTNNNNAGGTGTGA_2_3_YES"
[1] "EOMES_HT-SELEX_TTAGCT40NCCT_KP_NAGGTGTGAN_1_4_YES"
[1] "EOMES_RUNX2_TAGAAA40NCAG_YII_NYMACACCNNNACCGCN_m1_c3b0u_short"
[1] "ERF_CLOCK_CAP-SELEX_TCCAGA40NGTA_AAC_CACGTGNNNNNSRGGAARNN_1_3b0_YES"
[1] "ERF_DLX2_CAP-SELEX_TCGAAA40NAAT_AAC_RSCGGAANNNNNYMATTA_1_3_YES"
[1] "ERF_ETV7_CAP-SELEX_TTGGTG40NTAC_AAC_NSMGGACGGAYNTCCKSN_1_2_YES"
[1] "ERF_FIGLA_CAP-SELEX_TCGAAC40NGAT_AAC_RSCGGAANCASCTGNN_1_3_YES"
[1] "ERF_FOXI1_CAP-SELEX_TAGTCA40NTCT_AAC_TGTTKMCGGAWRN_1_2_YES"
[1] "ERF_HES7_CAP-SELEX_TGTGAA40NTAC_AAC_NCCGGAANNNNNNCACGYGNN_1_3b1_YES"
[1] "ERF_HES7_CAP-SELEX_TGTGAA40NTAC_AAC_NNCACGTGNNNNCCGGAANN_1_3b1_YES"
[1] "ERF_HES7_CAP-SELEX_TGTGAA40NTAC_AAC_NNCACGTGNNNNNCCGGAANN_1_3b1_YES"
[1] "ERF_HOXA3_CAP-SELEX_TCTGTG40NAGA_AAC_RSCGGAWNNNNNNNYMATTA_1_3_YES"
[1] "ERF_MAX_CAP-SELEX_TTAGTC40NTCC_AAC_RSCGGAANCACGTGN_1_3_YES"
[1] "ERF_NHLH1_CAP-SELEX_TCTCGT40NGCC_AAC_NNCAGCTGCCGGAWRYN_2_3_YES"
[1] "ERF_PITX1_CAP-SELEX_TCGAGC40NAAT_AAC_NSCGGANNNNNGGMTTA_1_3b0_NO"
[1] "ERF_PITX1_CAP-SELEX_TCGAGC40NAAT_AAC_NSCGGANNNNNNGGMTTA_1_3b0_NO"
[1] "ERF_SREBF2_CAP-SELEX_TCTTTG40NACT_AAC_NNCACGTGACMGGAARNN_1_3u_YES"
[1] "ERF_SREBF2_CAP-SELEX_TCTTTG40NACT_AAC_NSCGGAARNCACGTGNN_1_2_YES"
[1] "ERG_FOXO1_TAGGAC40NCGGT_YIII_NMGGAAATAAYAN_m2_c3b0u_short"
[1] "ERG_HT-SELEX_TAGAGC40NTAG_KT_NACCGGATATCCGGTN_1_2_NO"
[1] "ERG_TEAD4_TAGGAC40NCGGT_YJII_ACCGGAMATACC_m1_c3b0_short"
[1] "ESR1_HT-SELEX_TAGAGT20NCG_W_NAGGTCAMSRTGACCTN_2_4_YES"
[1] "ESRRA_HT-SELEX_TAGACC40NAGT_KO_NYCAAGGTCAN_1_3_NO"
[1] "ESRRA_HT-SELEX_TCGCAT20NACT_Z_RAGGTCANTCAAGGTCA_2_4_NO"
[1] "ESRRA_HT-SELEX_TCGCAT20NACT_Z_SAAGGTCANNTSAAGGTCA_2_4_NO"
[1] "ESX1_TEAD4_TTCGTC40NTGCG_YJII_CATTCCNNNNNTAATTA_m2_c3b0_short"
[1] "ETS1_HT-SELEX_TGTACC30NCAG_AI_NCCGGAWRYRYWTCCGGN_1_3_YES"
[1] "ETV1_FOXO1_TGGACT40NAACT_YIII_NCGGAWGTAAAYAN_m1_c3b0u_short"
[1] "ETV2_BHLHA15_CAP-SELEX_TCGAGT40NACT_AAA_RSCGGANNCATATGK_1_3b0_YES"
[1] "ETV2_CEBPD_CAP-SELEX_TGTAGA40NTGT_AAA_RSCGGANNTTGCGYAAN_1_2_YES"
[1] "ETV2_CLOCK_CAP-SELEX_TCGGGC40NAAT_AAA_NNCACGTGNNNNNCCGGAWRY_1_3_NO"
[1] "ETV2_DLX2_CAP-SELEX_TCGAAT40NAGG_AAA_RCCGGAANNNNNNYAATTA_1_3_YES"
[1] "ETV2_DLX3_CAP-SELEX_TAGAGC40NTAG_AAA_RSCGGAANNNNNNNTAATKR_1_3_YES"
[1] "ETV2_DLX3_CAP-SELEX_TAGAGC40NTAG_AAA_TAATTRNNNNCGGAARYN_1_3_YES"
[1] "ETV2_DRGX_CAP-SELEX_TCTTGT40NCAG_AAA_RSCGGAWRYATTA_1_2_YES"
[1] "ETV2_EOMES_CAP-SELEX_TCAGCA40NCTC_AAA_RCCGGANNNNNNNNNNNACACCTN_1_3_YES"
[1] "ETV2_FIGLA_CAP-SELEX_TGTGAT40NGCA_AAA_NNCAGGTGNNNNNMCGGAARYN_2_2_YES"
[1] "ETV2_GSC2_CAP-SELEX_TCAAGA40NCGC_AAA_RCCGGANNNNNNNNNNTAATCCN_1_3_YES"
[1] "ETV2_GSC2_CAP-SELEX_TCAAGA40NCGC_AAA_RCCGGANNNNNNNNNTAATCCN_1_3_YES"
[1] "ETV2_GSC2_CAP-SELEX_TCAAGA40NCGC_AAA_RCCGGANNNNNNNNTAATCCN_1_3_YES"
[1] "ETV2_HES7_CAP-SELEX_TAGTGC40NATG_AAA_NNCACGTGNNNNNCGGAWRY_1_3_YES"
[1] "ETV2_HES7_CAP-SELEX_TAGTGC40NATG_AAA_RSCGGAANNNNNNCACGTGNN_1_3_YES"
[1] "ETV2_HES7_CAP-SELEX_TAGTGC40NATG_AAA_RSCGGAANNNNNNNCACGTGNN_1_3_YES"
[1] "ETV2_HOXA2_CAP-SELEX_TTAACA40NTGT_AAA_NCCGGAAGTMATTA_2_3_YES"
[1] "ETV2_HOXB13_CAP-SELEX_TGTGCA40NCCG_AAA_NCCGGAANYATAAAN_1_3_YES"
[1] "ETV2_NHLH1_CAP-SELEX_TGAGAG40NCGC_AAA_NCCGGAANNNNNNCAGCTGNN_1_3_YES"
[1] "ETV2_NHLH1_CAP-SELEX_TGAGAG40NCGC_AAA_NGCAGCTGCCGGAWRYN_1_3_YES"
[1] "ETV2_ONECUT2_CAP-SELEX_TACTAC40NGCC_AAA_NRTCRATANCGGAARYN_1_3_YES"
[1] "ETV2_ONECUT2_CAP-SELEX_TACTAC40NGCC_AAA_RCCGGAANNNNNATCGATN_1_3_YES"
[1] "ETV2_ONECUT2_CAP-SELEX_TACTAC40NGCC_AAA_RCCGGAANNNNNNATCGATN_1_3_YES"
[1] "ETV2_ONECUT2_CAP-SELEX_TACTAC40NGCC_AAA_RCCGGAANNNNNNRATCRATN_1_3_YES"
[1] "ETV2_ONECUT2_CAP-SELEX_TACTAC40NGCC_AAA_RRTCRATNNNCGGAARYN_1_3_YES"
[1] "ETV2_RFX5_CAP-SELEX_TGCTCT40NTTA_AAA_NACTTCCGGYNNNNGCAACSN_2_2_YES"
[1] "ETV2_RFX5_CAP-SELEX_TGCTCT40NTTA_AAA_NCCGGAAGYNNCNTAGCAACS_2_2_YES"
[1] "ETV2_RFX5_CAP-SELEX_TGCTCT40NTTA_AAA_NNNTTCCGSNNNNGCAACNN_1_2_YES"
[1] "ETV2_RFX5_CAP-SELEX_TGCTCT40NTTA_AAA_RNCGGAANNNNNNNNNGCAACN_1_2_YES"
[1] "ETV2_SOX15_CAP-SELEX_TTCGCC40NGAC_AAA_RSCGGAANNNNNNNYWTTGT_1_3_YES"
[1] "ETV2_SOX15_CAP-SELEX_TTCGCC40NGAC_AAA_RSCGGAANNNNNNYWTTGT_1_3_YES"
[1] "ETV2_SOX15_CAP-SELEX_TTCGCC40NGAC_AAA_RSCGGAWNNNNNNACAATRN_1_3_YES"
[1] "ETV2_SOX15_CAP-SELEX_TTCGCC40NGAC_AAA_RSCGGAWNNNNNNNACAATRN_1_3_YES"
[1] "ETV2_SREBF2_CAP-SELEX_TAAAGT40NAGC_AAA_RTCACGYSNCCGGAWN_1_2_YES"
[1] "ETV2_SREBF2_CAP-SELEX_TAAAGT40NAGC_AAA_RTMRCGTGACGGAWGN_1_2_YES"
[1] "ETV2_TCF3_CAP-SELEX_TGAAGC40NCTA_AAA_CASSTGNNCCGGAWRYN_1_3b0_YES"
[1] "ETV2_TEF_CAP-SELEX_TCAGGG40NGCA_AAA_TTACGTNNNNNNNNNCCGGAANN_1_3_YES"
[1] "ETV3_HT-SELEX_TTATTC40NGAA_KV_NNAGGAANNNNNNNTTCCTNN_1_3_YES"
[1] "ETV4_Methyl-HT-SELEX_TGGACG40NAAG_KAE_NCAGGAAGGAAGTN_1_2_NO"
[1] "ETV4_TGIF2LX_TCAGCC40NTTC_YVII_NRCCGGATGTCAN_m1_c3b0_short"
[1] "ETV5_DRGX_CAP-SELEX_TGATCG40NATC_AY_TAATKRSCGGAWGN_1_3_YES"
[1] "ETV5_EVX1_CAP-SELEX_TCGTGA40NGTC_AY_RSCGGWAATNNNNNATTAN_1_3_YES"
[1] "ETV5_FOXO1_TCATGA40NCCTG_YIII_NCCGTAAACAN_m1_c3b1_short"
[1] "ETV5_HOXA2_CAP-SELEX_TCGGCG40NACG_AY_RSCGGWAATKNNNNNNNNMATTA_2_3_YES"
[1] "ETV5_TCF3_CAP-SELEX_TCGTCC40NGCC_AY_RNCGGAAGNNNNNCASSTGN_1_2_YES"
[1] "ETV6_HT-SELEX_TGAGTG20NGA_AF_CCGGAASCGGAAGTN_2_3_YES"
[1] "ETV7_HT-SELEX_TCTCTG40NGAA_KAE_NMGGAARNNYTTCCKN_1_3_NO"
[1] "ETV7_HT-SELEX_TCTCTG40NGAA_KAE_NYTTCCSGGAARN_1_3_YES"
[1] "ETV7_TBX21_CAP-SELEX_TTTCTG40NTAG_AV_NSCGGAARNNNNNNTCACACNN_1_2_YES"
[1] "ETV7_TBX21_CAP-SELEX_TTTCTG40NTAG_AV_NSCGGAARNNNNNTCACACNN_1_2_YES"
[1] "EVX1_TBX20_TGAATT40NTAA_YWIIII_NGGTGTTAATGTGTTN_m2_c3b0_short"
[1] "EVX1_TEAD4_TGAATT40NTAA_YJII_YAATTANNNNNNNNATTCC_m1_c3b0_short"
[1] "EVX2_TEAD4_TCGCTT40NTCT_YJII_CATTCCNNTAATTA_m1_c3b0_short"
[1] "Esrra_HT-SELEX_TAGCTC20NCG_AC_RAGGTCANTCAAGGTCA_2_4_YES"
[1] "FERD3L_HT-SELEX_TAAATT40NCTG_KW_GYNNCAGCTGNNAC_1_3_YES"
[1] "FEV_TEAD4_TTGCTC40NGAA_YJII_NCCGGAAATNNNNNRMATTCCN_m1_c3b0_short"
[1] "FIGLA_ETV1_TTAGCG40NAGA_YRIIII_NCAGGTGNCGGAWRYN_m1_c3b0u_short"
[1] "FIGLA_ETV1_TTAGCG40NAGA_YRIIII_NCAGGTGNNCGGAWRYN_m1_c3b0u_short"
[1] "FIGLA_HT-SELEX_AGATA14N_U_NNCACCTGNN_1_4_NO"
[1] "FLI1_FOXI1_CAP-SELEX_TACGGT40NTAC_AAC_RCCGGATGTTKWY_1_3_NO"
[1] "FLI1_HOXB13_HT-SELEX_TCATTC40NATT_DM_NCCGGAANTNRTAAAN_1_3_NO"
[1] "FLI1_Methyl-HT-SELEX_TGACGC40NCAC_KV_NACMGGAARTN_1_3_NO"
[1] "FOSL1_HT-SELEX_TGACGG40NCTC_KAE_NRTGANTCAYN_1_4_NO"
[1] "FOXA1_HT-SELEX_TTCTAA40NAAT_KN_TRNGTAAACA_1_3b1_NA"
[1] "FOXA2_HT-SELEX_TAGCTG40NCTA_KT_NWNWGTMAATATTKRYNYWN_2_4_NO"
[1] "FOXA2_TEAD4_TAGGTC40NACG_YJII_TRTTTNNNNNNNNCATTCC_m1_c3b0_short"
[1] "FOXB1_HT-SELEX_TGAGCA30NCGA_AI_GAATGACACRGCGN_2_3_YES"
[1] "FOXB1_ONECUT1_TGCCGG40NCAG_YJII_ATCGATNNNNYAAACA_m2_c3b0_short"
[1] "FOXB1_RUNX2_TAAGGG40NACC_YII_NWAACCGCANNNNRYAAATAN_m2_c3b0u_short"
[1] "FOXB1_TBX21_TGCCGG40NCAG_YYI_NAGGTGTTRTTTACWYWN_m2_c3b0u_short"
[1] "FOXB1_TBX21_TGCCGG40NCAG_YYI_NAGGTGTWRWGTAAAYA_m2_c3b0u_short"
[1] "FOXC2_HT-SELEX_TGAGTG30NTGA_AI_RTAAAYAAACA_1_3_NO"
[1] "FOXC2_HT-SELEX_TGAGTG30NTGA_AI_WAWRTAAAYAWW_1_3_NO"
[1] "FOXC2_TCF3_TGACGT40NAGC_YIII_NCACCTGNAATAAYAN_m1_c3b0u_short"
[1] "FOXC2_TCF3_TGACGT40NAGC_YIII_NCACCTGNRTAAAYAN_m1_c3b0u_short"
[1] "FOXD2_HT-SELEX_TCGCCG40NTGC_KO_NAACAATAAYAWWN_1_4_NO"
[1] "FOXD2_HT-SELEX_TCGCCG40NTGC_KO_NYWANGTAAACAN_1_4_YES"
[1] "FOXD2_Methyl-HT-SELEX_TCATCT40NATT_KO_NYWANGTAAACAN_1_4_YES"
[1] "FOXD2_TBX6_TGTTTC40NTTA_YAAII_TGTTTANNNNNNNGGTGTG_m1_c3b0_short"
[1] "FOXD3_HT-SELEX_TTGCTT40NCCA_KO_NYWAYRTAAACN_1_4b0_YES"
[1] "FOXG1_HT-SELEX_TGGTTC20NGA_AA_ATAAACAANWGTAAACA_2_4_YES"
[1] "FOXG1_Methyl-HT-SELEX_TAGGCC40NTAT_KS_NAYRTAAACAN_1_4_YES"
[1] "FOXI1_ELF2_TTATAA40NGTG_YSIII_NAGAAAACCGAAWN_m2_c3b0u_short"
[1] "FOXI1_ELF2_TTATAA40NGTG_YSIII_NRTAAACAGGAAGTN_m2_c3b0u_short"
[1] "FOXI1_GCM1_TTATAA40NGTG_YACII_NRTAAATANGGGYN_m1_c3b0u_short"
[1] "FOXI1_HT-SELEX_TCGGAA20NGA_AF_NTGTTTACRGTAAAYAN_2_4_YES"
[1] "FOXI1_HT-SELEX_TGCGAG40NTTC_KW_NANGTAAACAAN_1_3b0_YES"
[1] "FOXJ2_HOXB13_CAP-SELEX_TACGCA40NAAT_AAF_NTTTATNRNTMAACA_1_2_YES"
[1] "FOXJ2_HOXB13_CAP-SELEX_TACGCA40NAAT_AAF_RTAAACAYNRTAAAN_1_2b0_NO"
[1] "FOXJ2_HOXB13_CAP-SELEX_TACGCA40NAAT_AAF_RTAAACWNATWAAA_1_3b1_YES"
[1] "FOXJ2_HOXB13_CAP-SELEX_TACGCA40NAAT_AAF_TTTWATNRNMAACA_1_3b1_YES"
[1] "FOXJ2_HT-SELEX_TATGCT40NACT_KR_NWWGTTGTAAAYAN_2_2_YES"
[1] "FOXJ2_HT-SELEX_TGACGA20NGA_W_RTAAACAATAAAYA_2_3_YES"
[1] "FOXJ2_HT-SELEX_TGACGA20NGA_W_RTAAACAA_1_2_NO"
[1] "FOXJ2_HT-SELEX_TGACGA20NGA_W_RTAAACAWMAACA_2_3_YES"
[1] "FOXJ2_PITX1_CAP-SELEX_TGGCAG40NCCT_AAF_NTAATCCNNWMAACA_1_3b1_YES"
[1] "FOXJ2_PITX1_CAP-SELEX_TGGCAG40NCCT_AAF_TAAACAGGATTA_1_3b1_YES"
[1] "FOXJ3_TBX21_CAP-SELEX_TCCTCC40NCTC_AAE_NNGYGNNNNNNNNWAACAACACNN_1_3_YES"
[1] "FOXK1_HT-SELEX_GACAG14N_S_CGGACACAAT_2_4_YES"
[1] "FOXK1_Methyl-HT-SELEX_TCAGGC40NACG_KO_NWYGTAAAYAN_1_2b0_YES"
[1] "FOXN2_HT-SELEX_TGTCAG40NGAC_KV_NNGCGTSNNNNNSACGCNN_1_4b0_YES"
[1] "FOXN2_Methyl-HT-SELEX_TTCGAA40NGAC_KV_NGCATNNNNNNNATGCN_1_4b0_YES"
[1] "FOXO1_ETV7_CAP-SELEX_TTGGTG40NTAC_AS_RWMAACAGGNNNNNNTTCCNN_1_2_YES"
[1] "FOXO1_HOXB13_CAP-SELEX_TGCGAC40NGGT_AS_GWMAACANNSYMRTAAA_1_2_YES"
[1] "FOXO1_HOXB13_CAP-SELEX_TGCGAC40NGGT_AS_RWMAACASYMRTWAAA_1_2_YES"
[1] "FOXO1_HT-SELEX_TTCAGC20NTA_AF_GTAAACATGTTTAC_2_3_YES"
[1] "FOXO1_HT-SELEX_TTCAGC20NTA_AF_TTTCCCCACACG_2_3_YES"
[1] "FOXO1_SPDEF_CAP-SELEX_TTCTAC40NCGA_AS_WMSCGGATGTKNW_1_2_YES"
[1] "FOXP1_HT-SELEX_TACCCT40NTTA_KT_NTGTTTRNNNNNNNNNNNNNNNNWCAACAN_1_4_NO"
[1] "FOXP3_HT-SELEX_TTACGA40NTCC_KAE_NAWTTGTAYGACAAATN_2_4_NO"
[1] "FOXR2_HT-SELEX_TTAGAG40NCGG_KX_NYRTAWACATAAATNNN_1_4_NO"
[1] "Foxc1_HT-SELEX_CCCCT14N_T_RTAAAYA_1_4_YES"
[1] "Foxg1_HT-SELEX_TATCTG20NTCG_AF_ATAAACAAGTRTAAACA_2_4_YES"
[1] "Foxg1_HT-SELEX_TATCTG20NTCG_AF_NMGGACACAATC_2_4_YES"
[1] "GATA1_HT-SELEX_TTATAT40NACC_KN_GATAANNNNNTTATC_1_4b0_YES"
[1] "GATA2_ELF5_TGAGTC40NAAC_YYI_NGATAAGGAAGTN_m1_c3b0_short"
[1] "GATA2_HT-SELEX_TGAGGT40NTCC_KR_NYGATAASN_1_2_YES"
[1] "GATA2_Methyl-HT-SELEX_TATGCA40NGAG_KR_NWGATAASN_1_2_YES"
[1] "GATA3_HT-SELEX_TTCGTT40NGCC_KX_NGATAACGATCW_1_3_NO"
[1] "GATA3_HT-SELEX_TTCGTT40NGCC_KX_NGATAAGATCW_1_3_YES"
[1] "GATA4_TBX6_TTATGA40NCAG_YAAII_TTATCNNNNNNNAGGTG_m1_c3b0_short"
[1] "GATA5_FLI1_TTAGAC40NCAG_YYIII_NCGGAANNNNNNNNNNGATAAN_m1_c3b0_short"
[1] "GATA5_IRF8_TTAGAC40NCAG_YQIIII_NGAAANNNNGATAA_m1_c3b0_short"
[1] "GATA5_Methyl-HT-SELEX_TTACTT40NTAT_KW_NWGATAASRN_1_2_NO"
[1] "GATA5_TBX20_TTAGAC40NCAG_YWIIII_RGGTGTTATCG_m1_c3b0_short"
[1] "GATA6_TBX21_TGACCA40NTCC_YYI_AGGTGTGATAA_m1_c3b0_short"
[1] "GATA6_TBX21_TGACCA40NTCC_YYI_NGATAAGGTGTNRN_m1_c3b0_short"
[1] "GATA6_TGIF2LX_TGACCA40NTCC_YVII_NTGWCAGATAAN_m1_c3b0_short"
[1] "GBX2_Methyl-HT-SELEX_TCTTCG40NGAT_KP_NTCGTTAN_1_2_NO"
[1] "GCM1_CEBPB_CAP-SELEX_TGCAGG40NTCG_AX_ATRSGGGNNNNTTRCGYAAN_1_3_YES"
[1] "GCM1_ELF1_CAP-SELEX_TTTCAC40NGTG_AX_NNMGGAARTGCKGGN_1_3_YES"
[1] "GCM1_ELF1_CAP-SELEX_TTTCAC40NGTG_AX_NRCCCRNNCGGAAGNN_1_3_YES"
[1] "GCM1_ELK1_CAP-SELEX_TTCGCT40NCTT_AU_RKRNRGGCGGAARCGGAAGNN_2_3_YES"
[1] "GCM1_ELK3_CAP-SELEX_TTGGGT40NGGC_AU_ACCCGCANCCGGAAGN_2_3_YES"
[1] "GCM1_ETV7_CAP-SELEX_TTGGTG40NTAC_AX_NTRNGGGCGGAAGNNNTTCCNNN_1_3_YES"
[1] "GCM1_FIGLA_CAP-SELEX_TCGAAC40NGAT_AU_CASSTGNNCCCGCAY_1_2_YES"
[1] "GCM1_FIGLA_CAP-SELEX_TCGAAC40NGAT_AU_CASSTGNNNNNNNNNNNTGCGGG_1_2_YES"
[1] "GCM1_FIGLA_CAP-SELEX_TCGAAC40NGAT_AU_CASSTGNNNNNNNNNNTGCGGG_1_2_YES"
[1] "GCM1_FIGLA_CAP-SELEX_TCGAAC40NGAT_AU_CASSTGNNNNNNNNTGCGGG_1_2_YES"
[1] "GCM1_FIGLA_CAP-SELEX_TCGAAC40NGAT_AU_CASSTGNNNNNNNTGCGGG_1_2_YES"
[1] "GCM1_FIGLA_CAP-SELEX_TCGAAC40NGAT_AX_CAGCTGNNNNNNCCCGCAY_1_3_YES"
[1] "GCM1_FIGLA_CAP-SELEX_TCGAAC40NGAT_AX_CAGCTGNNNNNNNNNTGCGGG_1_3_NO"
[1] "GCM1_FLI1_TTGTGA40NTCCC_YYIII_NSCGGATGCGGGYN_m1_c3b0_short"
[1] "GCM1_FOXI1_CAP-SELEX_TAGTCA40NTCT_AU_NTGTTGATRNGGGN_1_3_YES"
[1] "GCM1_FOXI1_CAP-SELEX_TAGTCA40NTCT_AX_RTMAACATRNGGGN_1_2_YES"
[1] "GCM1_FOXO1_CAP-SELEX_TATGGT40NATA_AU_RTMAATAMGGGYRN_1_3b0_NO"
[1] "GCM1_HOXA13_CAP-SELEX_TCCACT40NTGT_AU_RKRNGGGNNATAAA_1_2_NO"
[1] "GCM1_HOXA2_CAP-SELEX_TCACAG40NGTT_AX_RTRSGGGNNTAATKR_1_3_YES"
[1] "GCM1_HOXB13_CAP-SELEX_TGCGAC40NGGT_AX_NCCCGCANNMATAAA_1_3_YES"
[1] "GCM1_HOXB13_CAP-SELEX_TGCGAC40NGGT_AX_NCCCGCANNNMRTAAA_1_3_YES"
[1] "GCM1_HT-SELEX_TCCAGT20NGAC_AE_ATGCGGGYRCCCGCAT_2_4_YES"
[1] "GCM1_HT-SELEX_TGAGCA20NCGA_Y_NATGCGGGTA_1_4_YES"
[1] "GCM1_MAX_CAP-SELEX_TTAGTC40NTCC_AU_NNCACGTGNNNGCGGGYN_1_3_YES"
[1] "GCM1_MAX_CAP-SELEX_TTAGTC40NTCC_AU_NNCACGTGNNNNNNNNNNRTGCGGGYRN_1_3_YES"
[1] "GCM1_MAX_CAP-SELEX_TTAGTC40NTCC_AU_RTGCGGGNNNNNNNCACGTGN_1_3_YES"
[1] "GCM1_NHLH1_CAP-SELEX_TCTCGT40NGCC_AX_NCAGCTGNNNNNNNNTRCGGG_1_3b1_YES"
[1] "GCM1_NHLH1_CAP-SELEX_TCTCGT40NGCC_AX_NCAGCTGNNNNNNNTRCGGG_1_3b1_YES"
[1] "GCM1_ONECUT2_CAP-SELEX_TCCAGG40NTAG_AU_RTGCGGGNNATCGATR_1_3_YES"
[1] "GCM1_PITX1_CAP-SELEX_TCGAGC40NAAT_AU_GGATTANNNNNNNNNTGCGGG_1_3b1_YES"
[1] "GCM1_PITX1_CAP-SELEX_TCGAGC40NAAT_AU_GGATTANNNNNNNTGCGGG_1_3b1_YES"
[1] "GCM1_PITX1_CAP-SELEX_TCGAGC40NAAT_AU_GGATTANNNNNNTGCGGG_1_3b1_YES"
[1] "GCM1_SOX2_CAP-SELEX_TATGAT40NACA_AX_RTRSGGGNNNATTGTKY_1_3_YES"
[1] "GCM1_SPDEF_CAP-SELEX_TTCTAC40NCGA_AU_RTRSKGGCGGANNNNNATCCNNN_2_3u_YES"
[1] "GCM1_SPDEF_CAP-SELEX_TTCTAC40NCGA_AU_RTRSKGGCGGANNNNNNATCCNNN_2_3u_YES"
[1] "GCM1_TBX21_CAP-SELEX_TCCTAT40NAGA_AU_AGGTGTNRTRCGGGNN_1_3_YES"
[1] "GCM1_TBX21_CAP-SELEX_TCCTAT40NAGA_AU_RGGTGWKNNNNNNNNNTNNCRTRNGGGN_2_3_YES"
[1] "GCM2_DLX2_CAP-SELEX_TGTGCT40NCGG_AAB_RTRCGGGNNNNNTAATTR_1_3u_YES"
[1] "GCM2_DLX3_CAP-SELEX_TCGAGA40NGAT_AAB_RTRCGGGNNNNNNTAATKR_1_3_YES"
[1] "GCM2_DRGX_CAP-SELEX_TGAGTG40NTGA_AAB_RTRSGGGNAATTAN_1_3_YES"
[1] "GCM2_DRGX_CAP-SELEX_TGAGTG40NTGA_AAB_RTRSGGGNNAATTAN_1_3_YES"
[1] "GCM2_E2F8_CAP-SELEX_TGTTAT40NATG_AAB_NTRYGGGNNNTGGCGGGARN_2_3_YES"
[1] "GCM2_EOMES_CAP-SELEX_TGTCGT40NGCG_AAB_RTGCGGGNAGGTGNNN_1_3_YES"
[1] "GCM2_HES7_CAP-SELEX_TGGTGA40NGTT_AAB_RTRNKGGTNNNGCACGYGNN_1_3_YES"
[1] "GCM2_MAX_CAP-SELEX_TGCCTG40NTCC_AAB_NTRNGGGNNNCACGTG_1_3_YES"
[1] "GCM2_ONECUT2_CAP-SELEX_TGTCTA40NTCG_AAB_RTRCGGGNNNNNNATCRATN_1_3_YES"
[1] "GCM2_PITX1_CAP-SELEX_TCTTTC40NTTG_AAB_RTRCGGGNNGATTA_1_3_YES"
[1] "GCM2_PITX1_CAP-SELEX_TCTTTC40NTTG_AAB_RTRCGGGSGATTAN_1_3_YES"
[1] "GCM2_SOX15_CAP-SELEX_TCGCCA40NCCT_AAB_ATRCGGGYNNNNNYWTTGTNN_1_3u_YES"
[1] "GCM2_SOX15_CAP-SELEX_TCGCCA40NCCT_AAB_RTRCGGGNNNNNNNYWTTGTNN_1_3u_YES"
[1] "GCM2_SOX15_CAP-SELEX_TCGCCA40NCCT_AAB_RTRCGGGNNNNRNACAAWN_1_3u_NO"
[1] "GCM2_SOX15_CAP-SELEX_TCGCCA40NCCT_AAB_RTRCGGGNNNRNACAAWN_1_3u_YES"
[1] "GCM2_TBX21_CAP-SELEX_TGTTCA40NCTG_AAB_AGGTGTNNNGSGGGN_1_3_YES"
[1] "GCM2_TBX21_CAP-SELEX_TGTTCA40NCTG_AAB_NNNCGGGNNNGGTGTNN_1_3_YES"
[1] "GCM2_TEF_CAP-SELEX_TGACAG40NACA_AAB_RTRCGGGNNNNTTACGTAA_1_3_YES"
[1] "GFI1B_HT-SELEX_TTCTCA40NCCT_KR_NMAATCACNGCANNNCACTMN_2_2_YES"
[1] "GLI2_FLI1_TCGTCT40NGGTG_YYIII_CCACCCNNNCTTCCGG_m1_c3b0_short"
[1] "GLI2_HT-SELEX_TAAGTA40NTGA_AI_GACCACMCACNNNG_1_3_YES"
[1] "GLI2_HT-SELEX_TAAGTA40NTGA_AI_GCGACCACNCTG_1_3_YES"
[1] "GLI2_SOX11_TCGTCT40NGGTG_YUIII_NCCCACCGAACAMN_m2_c3b0_short"
[1] "GLI3_FLI1_TTAGGA40NTCT_YYIII_NCTTCCGGNCCACCCAN_m2_c3b0_short"
[1] "GLI3_RFX3_TTTGCT40NCGT_YSII_NCCACCCACGTTGYYAYRNNNNN_m2_c3b0_short"
[1] "GLIS1_HT-SELEX_TTCGGT20NGA_R_NGACCCCCCACGANGN_2_4_YES"
[1] "GLIS1_Methyl-HT-SELEX_TTAAAC40NTAT_KS_KACCCCCCACGWWGN_2_3_NO"
[1] "GMEB1_HT-SELEX_TCTGCT40NTGT_KX_NKACGTANNNTACGTMN_1_4_NO"
[1] "GMEB1_Methyl-HT-SELEX_TGGGCC40NGGA_KX_NKACGTNNNNACGTMN_1_4_YES"
[1] "GRHL1_HT-SELEX_TCCAAC20NTA_Q_AACCGGWNNNWCCGGTT_2_3_YES"
[1] "GRHL1_HT-SELEX_TCCAAC20NTA_Q_NAACCGGTTN_1_3_YES"
[1] "GSC2_HT-SELEX_TTGTGG40NCGG_KO_YTAATCCN_1_3b0_NO"
[1] "GSC2_TEAD4_TTTCTA40NCAT_YJII_NMRTTAACATTCCN_m1_c3b0_short"
[1] "GSX1_TBX4_TCAAAG40NGAG_YWII_NTAATKAGGTGTNRN_m1_c3b0u_short"
[1] "GSX2_TCF7L1_TCGCGT40NCGG_YAFII_ATCAAANNNTAATTA_m1_c3b0_short"
[1] "HES5_HT-SELEX_TCCACG20NCG_Y_NGGCACGTGCCN_1_4_NO"
[1] "HES5_Methyl-HT-SELEX_TGGGCT40NGTT_KO_NCACACKY_1_2_YES"
[1] "HES5_TEAD4_TCTACG40NCTC_YJII_GCACGYGNNNNNNCATTCC_m1_c3b0_short"
[1] "HESX1_HT-SELEX_TCTTCT20NCTG_Z_NTAATTRGYAATTAN_2_3_NO"
[1] "HIC1_HT-SELEX_TAGAGA40NCGC_KS_NRTGCCAMCN_1_3_YES"
[1] "HIC2_HT-SELEX_TGAGCA20NGA_AC_RTGCCMNNN_1_4_YES"
[1] "HINFP1_HT-SELEX_TCAAGG20NGAA_W_CAACGTCCGCNN_2_3_YES"
[1] "HINFP1_HT-SELEX_TCAAGG20NGAA_W_GCGGACSNNNNNNSGTCCGC_2_4_YES"
[1] "HINFP1_HT-SELEX_TCAAGG20NGAA_W_GCGGACSNNSNNSGTCCGC_2_4_YES"
[1] "HMBOX1_Methyl-HT-SELEX_TGAAAT40NCAA_KT_NCTAGTTAN_1_4_NO"
[1] "HMX2_HT-SELEX_TCGGGT40NAAG_KZ_NCCAMTTAAN_1_3_NO"
[1] "HNF1A_HT-SELEX_TGAGCA20NCGA_W_NRTTAATNATTAACN_1_2_YES"
[1] "HNF4A_HT-SELEX_TACCTT40NCGA_KO_NRGTCCAAAGGTCRN_1_3_NO"
[1] "HNF4A_HT-SELEX_TACCTT40NCGA_KO_NRGTCCAAAGTCCRN_1_3_NO"
[1] "HNF4A_HT-SELEX_TCCGTG40NTGC_AI_RRGGTCAAAGTCCRNN_1_3_YES"
[1] "HNF4A_Methyl-HT-SELEX_TTGTTT40NGGC_KO_NRGGTCAAAGGTCAN_1_3_NO"
[1] "HOMEZ_HT-SELEX_TCGATC20NTAT_Y_NAAACGATNNAN_1_4_YES"
[1] "HOXA10_PAX5_TTTCTA40NCCAG_YXII_NYGTYACGSNYMATTAANYN_m2_c3b0_short"
[1] "HOXA10_SOX11_TTTCTA40NCCAG_YUIII_NACAAWRNNYMRTAAAN_m1_c3b0_short"
[1] "HOXA10_TBX20_TTTCTA40NCCAG_YWIIII_NTTTAYKANGTGTNRN_m1_c3b0_short"
[1] "HOXA10_TBX4_TGCGGT40NTCA_YWII_NAGGTGTNANRTCGTAAAN_m2_c3b0u_short"
[1] "HOXA10_TBX4_TGCGGT40NTCA_YWII_NYMRTWAAAAAGGTGTNRN_m2_c3b0u_short"
[1] "HOXA10_TEAD4_TTTCTA40NCCAG_YJII_YWTAAATNNNNNNNATTCC_m1_c3b0_short"
[1] "HOXA13_HT-SELEX_TACTGA40NACC_KP_NCCAATAAAAM_1_3_YES"
[1] "HOXA13_HT-SELEX_TACTGA40NACC_KP_NCTCGTAAAAN_1_3_NO"
[1] "HOXA6_Methyl-HT-SELEX_TTCTCG40NTTC_KP_RTCGTTAN_1_3_YES"
[1] "HOXA7_HT-SELEX_TCGCGC20NGA_AN_NYMATTAN_1_3_NA"
[1] "HOXA9_Methyl-HT-SELEX_TACTCG40NCAA_KAE_GYAATAAANN_1_4_NO"
[1] "HOXA9_TEAD4_TACGAC40NGCTA_YJII_GAATGNNAATTA_m1_c3b0_short"
[1] "HOXB13_EOMES_CAP-SELEX_TCGTTT40NGTC_AAD_ANGTGTSNNATAAAN_1_2b0_YES"
[1] "HOXB13_EOMES_CAP-SELEX_TCGTTT40NGTC_AAD_NNMRTAAANTMACACNN_1_2b0_YES"
[1] "HOXB13_MEF2C_TCCCGC40NCGTA_YAFIII_CYWWATTAGGAAAC_m1_c3b0_short"
[1] "HOXB13_ONECUT1_TGCGAT40NGAT_YJII_CAATAAATCGAT_m1_c3b0_short"
[1] "HOXB13_ONECUT2_HT-SELEX_TGATCG40NATC_DM_NNNRTAAAWATYGAYY_1_3_NO"
[1] "HOXB13_TBX21_CAP-SELEX_TTCATC40NCTT_AAD_ARGTGNNANNNMWTAAAN_1_3_YES"
[1] "HOXB13_TBX21_CAP-SELEX_TTCATC40NCTT_AAD_ARGTGNNNNNNATAAA_1_3_YES"
[1] "HOXB13_TBX3_CAP-SELEX_TGGCCA40NTTC_AAD_NNNRTAAANNTNACACYN_1_2_YES"
[1] "HOXB13_TBX3_CAP-SELEX_TGGCCA40NTTC_AAD_NNNRTAAATCACACNN_1_2_YES"
[1] "HOXB2_ELF1_CAP-SELEX_TTTAGG40NTCT_AY_NNYMATTANNNNNNNGGAAGNN_1_3_YES"
[1] "HOXB2_ELF1_CAP-SELEX_TTTAGG40NTCT_AY_NYMATTANNNNNNNNGGAAGNN_1_3_YES"
[1] "HOXB2_ELF1_CAP-SELEX_TTTAGG40NTCT_AY_TAATKRNNNNGGAAGTN_1_3_YES"
[1] "HOXB2_ELK1_CAP-SELEX_TATGCT40NACT_AY_TAATKRCCGGAAGNN_1_3_YES"
[1] "HOXB2_ESRRB_CAP-SELEX_TCCTCG40NCAG_AY_TAATKNNNNNNNNAAGGTCA_1_3_YES"
[1] "HOXB2_ESRRB_CAP-SELEX_TCCTCG40NCAG_AY_TAATKRNNNNNNAAGGTCA_1_3_YES"
[1] "HOXB2_ETV7_CAP-SELEX_TGAGGT40NTCC_AY_NSCGGAARNNNNNMATTAN_1_3_YES"
[1] "HOXB2_ETV7_CAP-SELEX_TGAGGT40NTCC_AY_NSCGGAARNNNNNNMATTAN_1_3_YES"
[1] "HOXB2_ETV7_CAP-SELEX_TGAGGT40NTCC_AY_TAATKNNNNGNNNNNNCTTCCNN_1_3_YES"
[1] "HOXB2_HOXB13_CAP-SELEX_TGTGCA40NCCG_AY_NNATCATNGTAAA_1_3_YES"
[1] "HOXB2_HOXB13_CAP-SELEX_TGTGCA40NCCG_AY_NNCGTAAAATTA_1_3_YES"
[1] "HOXB2_HOXB13_CAP-SELEX_TGTGCA40NCCG_AY_NNMATCACATAAAN_1_3_YES"
[1] "HOXB2_NHLH1_CAP-SELEX_TGAGAG40NCGC_AY_NYMATTANNNNNCAGCTGNN_1_3_YES"
[1] "HOXB2_NHLH1_CAP-SELEX_TGAGAG40NCGC_AY_NYMATTANNNNNNCAGCTGNN_1_3_YES"
[1] "HOXB2_NHLH1_CAP-SELEX_TGAGAG40NCGC_AY_NYMATTANNNNNNNCAGCTGNN_1_3_YES"
[1] "HOXB2_PAX9_CAP-SELEX_TTAAAT40NAAT_AY_NNMATTAGTCACGCWTSRNTG_2_3_NO"
[1] "HOXB2_PITX1_CAP-SELEX_TGGCCT40NTAT_AY_TAATKANNGGATTA_1_3_YES"
[1] "HOXB2_PITX1_CAP-SELEX_TGGCCT40NTAT_AY_TAATKRNGGATTA_1_3_YES"
[1] "HOXB2_PITX1_CAP-SELEX_TGGCCT40NTAT_AY_TAATKRNNNNGGATTA_1_3_YES"
[1] "HOXB2_PITX1_CAP-SELEX_TGGCCT40NTAT_AY_TAATKRNRNGGATTA_1_3_YES"
[1] "HOXB2_RFX5_CAP-SELEX_TGCTCT40NTTA_AY_SYMATTANNNNNNRGCAACN_1_2_YES"
[1] "HOXB2_RFX5_CAP-SELEX_TGCTCT40NTTA_AY_TAATKRNNNNGCAAC_1_2_YES"
[1] "HOXB2_RFX5_CAP-SELEX_TGCTCT40NTTA_AY_TAATKRNNNNNGCAAC_1_2_YES"
[1] "HOXB2_SOX15_CAP-SELEX_TTCGCC40NGAC_AY_ACAAWRSNNNNNYMATTA_1_2_YES"
[1] "HOXB2_SOX15_CAP-SELEX_TTCGCC40NGAC_AY_ACAAWRSNNNNYMATTA_1_2_YES"
[1] "HOXB2_SOX15_CAP-SELEX_TTCGCC40NGAC_AY_ACAAWRSNNNYMATTA_1_2_YES"
[1] "HOXB2_SOX15_CAP-SELEX_TTCGCC40NGAC_AY_NYMATTANNNNNACAATR_1_2_YES"
[1] "HOXB2_SOX15_CAP-SELEX_TTCGCC40NGAC_AY_NYMATTANNNNNNACAATR_1_2_YES"
[1] "HOXB2_SPDEF_CAP-SELEX_TTGCAA40NGTG_AY_ANCCGGATNNNNNNMATTA_1_3_YES"
[1] "HOXB2_TBX21_CAP-SELEX_TGTAGC40NCCT_AY_NGGTGTGNNNNNTMATTWGCRN_2_3_YES"
[1] "HOXB2_TCF3_CAP-SELEX_TGAAGC40NCTA_AY_NCACCTGNNNNNMATTA_1_3_YES"
[1] "HOXB5_Methyl-HT-SELEX_TTGTCT40NGCT_KO_RTCGTTAN_1_3_NO"
[1] "HOXB7_TEAD4_TCTTAA40NGCA_YJII_NYAATTRNCATWCYN_m1_c3b0_short"
[1] "HOXB8_HT-SELEX_TAAAGT40NAGC_KP_NYAATTAN_1_3_NO"
[1] "HOXC10_Methyl-HT-SELEX_TGCAAA40NGAA_KX_NRTCGTAAAAN_1_4_NO"
[1] "HOXC10_ONECUT1_TGTATG40NCGG_YJII_CAATAAANATCGAT_m1_c3b0_short"
[1] "HOXC10_TBX21_CAP-SELEX_TGGCAC40NAAG_AZ_TMRCACYTMATWAA_1_3_YES"
[1] "HOXC10_TBX21_TGTATG40NCGG_YYI_NAGGTGTNRTAAAWN_m1_c3b0_short"
[1] "HOXC10_TBX21_TGTATG40NCGG_YYI_NYMRTAAAAGGTGTNAN_m2_c3b0_short"
[1] "HOXC10_TEAD4_TTGTTC40NTCTA_YJII_NYMRTAAAWNNNNNRMATTCCN_m2_c3b0_short"
[1] "HOXC11_ETV1_TTGGGC40NTTTC_YRIIII_TTTACGACCGGAWRY_m2_c3b0_short"
[1] "HOXC11_FLI1_TCTTGT40NGATC_YYIII_NMCGGAAGTCGTAAAN_m1_c3b0u_short"
[1] "HOXC11_FLI1_TCTTGT40NGATC_YYIII_NRYTTCCGGWNRTCGTAAAN_m2_c3b0u_short"
[1] "HOXC11_FLI1_TCTTGT40NGATC_YYIII_NYMRTAAAANRCCGGAARTN_m2_c3b0u_short"
[1] "HOXC11_FLI1_TCTTGT40NGATC_YYIII_NYMRTAAANNRYTTCCGGYN_m1_c3b0u_short"
[1] "HOXC11_IRF8_TCTTGT40NGATC_YQIIII_GAAANNNNTTTTA_m1_c3b0_short"
[1] "HOXC11_MEIS3_TTTACA40NGCT_YRIIII_NYMRTAAANNTGTCAN_m1_c3b0_short"
[1] "HOXC11_TBX20_TCTTGT40NGATC_YWIIII_NANGTGTTTACGAYN_m1_c3b0_short"
[1] "HOXC11_TBX20_TCTTGT40NGATC_YWIIII_NYNRTAAAANGTGTNRN_m1_c3b0_short"
[1] "HOXC11_TEAD4_TCTTGT40NGATC_YJII_NYMRTAAAANNNRMATTCCN_m1_c3b0_short"
[1] "HOXD10_ETV1_TAGCTG40NCTA_YRIIII_GGAAGNNATAAA_m1_c3b0_short"
[1] "HOXD10_RUNX2_TAGCTG40NCTA_YII_NACCGCAATAAAN_m1_c3b1_short"
[1] "HOXD10_TBX21_TCTACT40NACA_YYI_NYMRTAAAAANAGGTGTNAN_m2_c3b0u_short"
[1] "HOXD10_TBX4_TCTACT40NACA_YWII_NAGGTGTNRNNTTWAYKRN_m1_c3b0u_short"
[1] "HOXD10_TEAD4_TAGCTG40NCTA_YJII_NYMRTAAANNNNNNCATTCCN_m2_c3b0_short"
[1] "HOXD10_TFEC_TAGCTG40NCTA_YAGIIII_MRTAAANNNNNNNCACGTG_m1_c3b0_short"
[1] "HOXD11_HT-SELEX_TTCGAG40NGCG_KP_NRTCGTAAAANNTTAN_1_4_YES"
[1] "HOXD12_ELK3_TCACTG40NACC_YAFI_NRCCGGAAGTMRTAAAN_m2_c3b0_short"
[1] "HOXD12_EOMES_CAP-SELEX_TGAGTC40NAAC_AAB_AGGYGYGANNNNNNNNNNNNNNNTCRTWAA_2_3_YES"
[1] "HOXD12_EOMES_CAP-SELEX_TGAGTC40NAAC_AAB_NNNACGANNNNNNTCGTNNN_1_3u_YES"
[1] "HOXD12_FIGLA_CAP-SELEX_TCGAAC40NGAT_AAB_SYMRTAAANNNNCASSTGN_1_2_YES"
[1] "HOXD12_HOXA3_CAP-SELEX_TCTGTG40NAGA_AAB_NTAATKRSNMRTAAAN_1_3_YES"
[1] "HOXD12_HOXA3_CAP-SELEX_TCTGTG40NAGA_AAB_NTAATNRSNYMRTAAAN_1_3_YES"
[1] "HOXD12_TBX21_CAP-SELEX_TCCTAT40NAGA_AAB_NGGTGTNNNNNNNNNNNNNCACNTNNTWAN_1_2_YES"
[1] "HOXD12_TEAD4_TCGGAC40NCCA_YJII_TTTATNGCATTCC_m1_c3b0_short"
[1] "HOXD12_TGIF2LX_TCACTG40NACC_YVII_NYMRTAAATGTCAN_m1_c3b0_short"
[1] "HOXD13_TBX21_TTTAAA40NTAT_YYI_NTTTAYKAGGTGTNAN_m1_c3b0_short"
[1] "HOXD3_SOX11_TAAAGT40NTTCG_YUIII_NYAATTAACAAWGN_m1_c3b0_short"
[1] "HOXD4_TBX4_TTCTGG40NTGC_YWII_NAGGTGWKTMATTAN_m1_c3b0_short"
[1] "HOXD9_ONECUT1_TAGGCT40NACC_YJII_CAATAAANATCGAT_m1_c3b0_short"
[1] "HOXD9_TBX21_TAGGCT40NACC_YYI_NAGGTGTNAWTTTAYKN_m1_c3b0_short"
[1] "HSF1_HT-SELEX_TCTAAA40NCGC_KN_NGAANNTTCNNGAAN_1_3_NO"
[1] "HSF5_HT-SELEX_TATGCT40NACT_KT_NRCGTTCTAGAAYGYN_2_4_YES"
[1] "HSF5_HT-SELEX_TATGCT40NACT_KT_YNGAANNNNNNNNNNNNNAACRTTCNR_1_4_YES"
[1] "HSFY1_HT-SELEX_TACGGT40NTAC_KS_NCRTTCGAAWCRTTCGAWN_2_3_YES"
[1] "HSFY2_HT-SELEX_TCAGAG20NAGA_Y_WTTCGAAYG_1_3_YES"
[1] "Hic1_HT-SELEX_TCATCA20NCTA_Z_RTGCCANCYNRTGCCMNC_2_4_YES"
[1] "Hoxc10_HT-SELEX_TATAGA20NGAG_Z_GYAATWAAAN_1_4_NO"
[1] "ID4_HT-SELEX_CTACA14N_U_NRCACCTGNN_1_4_YES"
[1] "IRF2_HT-SELEX_TACTAG40NGGA_KX_YGAAASYGAAAS_2_3_NO"
[1] "IRF2_HT-SELEX_TTGCCC40NCTC_AAF_NAANCGAAASYR_1_3_NA"
[1] "IRF3_HT-SELEX_TAAGTC40NCGT_KV_NSGAAANSGAAASSGAAASN_2_4_YES"
[1] "IRF3_HT-SELEX_TACTGA40NACC_KS_NCNGTTTCSNSGAAACSGAAASN_2_3_YES"
[1] "IRF4_HT-SELEX_TCAAGG20NCG_AD_NCGAAACCGAAACYN_1_3_YES"
[1] "IRF5_HT-SELEX_TAACAA20NCG_AD_NACCGAAACYN_1_3_YES"
[1] "IRF6_HT-SELEX_TAGTTA40NGTG_KS_RGTWTCGNNNNNNYGAWACY_2_3_YES"
[1] "IRF7_HT-SELEX_TATCGC20NGCG_AC_RAANCGAAAWTCGNTTY_1_3_YES"
[1] "IRF8_TBX21_TCGTAA40NCGG_YYI_NAGGTGTTASTTTCRN_m2_c3b0u_short"
[1] "IRF8_TEAD4_TACGGT40NTAC_YJII_CGAAACNNNNNNNNCATTCC_m1_c3b0_short"
[1] "IRX1_HT-SELEX_TGACAA40NACT_KO_NACAYGNNNNNNCRTGTN_1_4b0_YES"
[1] "IRX1_Methyl-HT-SELEX_TCAGGT40NAGG_KO_NACGYGNNNNNNCRCGTN_1_4b0_YES"
[1] "IRX2_HT-SELEX_TGCATC30NTAC_AI_NWACAYRACAWN_1_4_YES"
[1] "IRX5_HT-SELEX_TACGGG40NCTT_KW_NCRTGTNNNACAYGN_1_4_YES"
[1] "IRX5_Methyl-HT-SELEX_TACTCT40NAAC_KW_NCGCGWNNNWCGCGN_1_4_YES"
[1] "ISL1_Methyl-HT-SELEX_TGCCAC40NGCC_KX_SCACTTAN_1_4_NO"
[1] "Irx3_HT-SELEX_TACTGC20NCG_Z_NWACATGAMAWN_1_4_YES"
[1] "JDP2_EVX1_TGCTTT40NAGA_YPIIII_TGACTCNNNNNNNNNNNTAATTA_m1_c3b0_short"
[1] "JUN_HT-SELEX_TCAGTG40NGAT_KAE_NATGACKCATN_1_3b0_NO"
[1] "KLF10_HT-SELEX_TATGTA40NTGT_KR_RMCACRCCCMYNMCACRCCCMC_2_4_YES"
[1] "KLF10_Methyl-HT-SELEX_TCTAAC40NACC_KR_RMCACRCCCMYNMCACRCCCMC_2_4_YES"
[1] "KLF12_Methyl-HT-SELEX_TAACTG40NGTA_KX_NGCCGACGCCCW_1_2_YES"
[1] "KLF12_Methyl-HT-SELEX_TAACTG40NGTA_KX_NRCCACGCCCW_1_3_YES"
[1] "KLF13_HT-SELEX_TATATA40NGCT_KV_NRCCACGCCCMYN_1_2_YES"
[1] "KLF13_HT-SELEX_TGGACA20NGA_AE_NNGNNACGCCCMYTTTNN_2_4_YES"
[1] "KLF17_HT-SELEX_40NTAATTAATTTA_KAM_NMCCACGCWCCCMYY_2_3b0_NO"
[1] "KLF3_Methyl-HT-SELEX_TTATGG40NCCA_KAF_NRCCGCAGCCCN_1_3_YES"
[1] "LBX2_HT-SELEX_TAATTC20NTTA_Y_AATTGGCCAATTA_2_4_YES"
[1] "LBX2_HT-SELEX_TGAAGC40NCTA_KP_CTMATTAATTAN_2_4_NO"
[1] "LBX2_SOX11_TTCAGT40NAAC_YUIII_NMACAAWGNYAATTAN_m1_c3b0u_short"
[1] "LEF1_HT-SELEX_TGCACG40NTTG_KT_WCATCGRGRCGCTGW_2_4_NO"
[1] "LEF1_TEAD4_TGTCGA40NCCGA_YJII_ATCAAAGCATTCC_m2_c3b0_short"
[1] "LHX2_HT-SELEX_TCCAGT30NGAC_AI_YAATTANNCTAATTR_2_4_YES"
[1] "LHX4_Methyl-HT-SELEX_TACTCT40NAAC_KT_NTAATTAN_1_3_NO"
[1] "LHX5_ELK3_TTACGG40NCGC_YAFI_NMMGGAWGYAATTAN_m1_c3b0u_short"
[1] "LHX6_HT-SELEX_TCGGGG20NGGT_AF_YRATTGCAATYR_2_4_YES"
[1] "LIN28B_HT-SELEX_TTTGAC40NGGT_KV_CGCGANNNNNCAGCG_1_4_YES"
[1] "LMX1A_BACH2_TTATTT40NCGT_YACIIII_TGASTCANNNNNNNNNNTAATTA_m1_c3b0_short"
[1] "LMX1A_TGIF2LX_TCTTAC40NGCG_YVII_NYAATTANNTGTCAN_m1_c3b0_short"
[1] "LMX1B_ETV4_TACGGG40NCTT_YSIII_NSCGGAAATTRN_m1_c3b0_short"
[1] "LMX1B_HT-SELEX_TGAGGC20NGGA_Z_NYAATTAN_1_2_YES"
[1] "LMX1B_IRF7_TACGGG40NCTT_YAEIIII_NTAATTAANNCGAAANYN_m2_c3b0_short"
[1] "LMX1B_TBX4_TAGGTA40NGAT_YWII_NAGGTGTTMATTAN_m1_c3b0_short"
[1] "MAFA_FOSB_TTACTT40NTAT_YWIII_YGCTGASTCAY_m1_c3b0_short"
[1] "MAFA_HT-SELEX_TACGGG40NCTT_KO_NYGCTGAYGTCAGCRN_2_4_NO"
[1] "MAFA_IRF7_TTACAG40NGTG_YAEIIII_NCGAAANNNGCTGAN_m1_c3b0_short"
[1] "MAFG_HT-SELEX_TGTTAA40NACT_KAE_TGCTGACGYN_1_4_NO"
[1] "MAFG_HT-SELEX_TGTTAA40NACT_KAE_TGCTGANNNTGCR_1_4_NO"
[1] "MAFG_TEAD4_TGTCGA40NGCA_YJII_NTCAGCAMATTCCN_m1_c3b0_short"
[1] "MAF_ELK3_TGATCT40NATG_YAFI_NGTCAGCGGAAWYN_m1_c3b0_short"
[1] "MAF_HT-SELEX_TGAATT40NTAA_KV_NYGCTGASTCAGCRN_2_4_NO"
[1] "MAX_HT-SELEX_TGACCT20NGA_Y_CACGTGNNNNNCACGTG_1_3_YES"
[1] "MAX_Methyl-HT-SELEX_TAGCAT40NAGG_KAE_RNCATGTGYN_1_3_YES"
[1] "MBNL2_HT-SELEX_TCTAAG40NTTA_KZ_NYGCTTYGCTTN_1_4_YES"
[1] "MEF2A_HT-SELEX_TAATAG20NTA_Q_KCTAWAAATAGM_1_3_YES"
[1] "MEF2B_HT-SELEX_TTAGCA40NGGT_KW_TGTTACCATATNNGG_1_4_YES"
[1] "MEIS1_DLX2_CAP-SELEX_TCCGCA40NCGC_AT_TGACANNNTAATKR_1_2_YES"
[1] "MEIS1_ELF1_CAP-SELEX_TCCGAT40NAGC_AT_NTGCCGGAAGTN_1_2_YES"
[1] "MEIS1_EVX1_CAP-SELEX_TCAAAA40NAAA_AT_TGACANNNNNTCATTA_1_3_YES"
[1] "MEIS1_MAX_CAP-SELEX_TATCTG40NTCG_AT_NTGACRNNNNNNCACGTGN_1_3_YES"
[1] "MEIS1_ONECUT2_CAP-SELEX_TCCCTC40NTCC_AT_TGACAGNWAATCRATR_2_3_YES"
[1] "MEIS1_SOX2_CAP-SELEX_TATTCG40NCTG_AT_TGACAKNNNAACAATGN_1_3b1_YES"
[1] "MEIS2_HT-SELEX_TCGCTG20NGA_AA_TTGACAGS_1_3_YES"
[1] "MEIS2_MSX2_TGATTC40NTAT_YSIIII_NTGACAAATTGN_m1_c3b0_short"
[1] "MEIS2_ONECUT2_HT-SELEX_TTGTCT40NGCT_DM_NTGACAGNTAATCRATAN_2_3_NO"
[1] "MEIS2_TBX20_TGATTC40NTAT_YWIIII_NRGGTGWTGACAN_m1_c3b0u_short"
[1] "MEIS2_TEAD4_TGATTC40NTAT_YJII_NCATTCCNNNNTGWCAN_m1_c3b0_short"
[1] "MEOX2_HT-SELEX_TAGTTT30NTTT_AI_NTMATCATCATTAN_1_4_YES"
[1] "MGA_DLX2_CAP-SELEX_TGCGGT40NTCA_AAD_SYAATTANWGGTGYGA_2_2_NO"
[1] "MGA_DLX3_CAP-SELEX_TGGGTG40NGGA_AAD_YNATTANRGGTGTGAN_1_2_YES"
[1] "MGA_EVX1_CAP-SELEX_TCGTGA40NGTC_AAD_AGGTGNTAATKWNNNNTN_1_2_YES"
[1] "MGA_HT-SELEX_TAGGGC20NGGT_Y_AGGTGTKANNTMACACCT_2_3_YES"
[1] "MGA_HT-SELEX_TAGGGC20NGGT_Y_GGYGTGANNNNTCACRCC_2_3_YES"
[1] "MGA_PITX1_CAP-SELEX_TTCATT40NTAT_AAD_RGGTGNTAAKCCN_1_2_YES"
[1] "MIXL1_HT-SELEX_TTAAGT40NCCT_KW_TAATYNRATTA_1_3_NO"
[1] "MIXL1_TEAD4_TTGGCC40NTCG_YJII_TAATTANNNNNNCATTC_m1_c3b0_short"
[1] "MLX_ETV4_TCCAGC40NGTCC_YSIII_NSCGGAWRNCACGTGN_m1_c3b0_short"
[1] "MLX_HT-SELEX_TCCAAG40NAAC_KS_NCACGTGN_1_2_YES"
[1] "MLX_Methyl-HT-SELEX_TAGGAC40NACA_KW_NNCAYGTGMYN_1_3_YES"
[1] "MLX_TEAD4_TCCAGC40NGTCC_YJII_CATTCCNNNNNNNNCACGTG_m1_c3b0_short"
[1] "MNT_HT-SELEX_TCTTCT20NGA_Y_NNCACGTGNN_1_3_NO"
[1] "MNX1_FOXO1_TCCTAC40NGAA_YIII_NRTAAACAAATTAN_m2_c3b0_short"
[1] "MSC_HT-SELEX_TACTTA40NCTA_KV_NNACAGCTGTNN_1_4_YES"
[1] "MSX1_IRF8_TCTTAT40NACA_YQIIII_NYGAAASYAATTAN_m1_c3b0_short"
[1] "MSX1_Methyl-HT-SELEX_TAGTCG40NAGA_KO_NTCGTTAN_1_3_YES"
[1] "MSX2_ELK3_TGTGAC40NGTC_YAFI_NAATTANCGGAARYN_m1_c3b0_short"
[1] "MTF1_HT-SELEX_TGATCC20NCTA_Y_TTTGCACACGNCAC_2_4_YES"
[1] "MTF1_HT-SELEX_TGCGCA40NCAA_KP_NYTTTGCACACGRYNYN_2_3_YES"
[1] "MYBL1_ELF1_CAP-SELEX_TATGAC40NTCA_AX_NMCCGGAACCGTTR_1_3b0_YES"
[1] "MYBL1_EOMES_CAP-SELEX_TACAAG40NTCC_AX_NNSYGNCNAACNNNNNNCACRCNN_1_3_YES"
[1] "MYBL1_EOMES_CAP-SELEX_TACAAG40NTCC_AX_RSGTGNNNAACGK_1_3_YES"
[1] "MYBL1_FIGLA_CAP-SELEX_TCAGCC40NTTC_AX_NCASSTGNNNNNNNCSGTTR_1_3_YES"
[1] "MYBL1_FIGLA_CAP-SELEX_TCAGCC40NTTC_AX_NCASSTGNNNNNNNNCSGTTR_1_3_YES"
[1] "MYBL1_FIGLA_CAP-SELEX_TCAGCC40NTTC_AX_NCASSTGNNNNNNNNNCSGTTR_1_3_YES"
[1] "MYBL1_FIGLA_CAP-SELEX_TCAGCC40NTTC_AX_NCASSTGNNNNNNYAACSGYN_1_3_YES"
[1] "MYBL1_FIGLA_CAP-SELEX_TCAGCC40NTTC_AX_NCASSTGNNNNNYAACSGYN_1_3_YES"
[1] "MYBL1_HOXA13_CAP-SELEX_TTTCAA40NTGA_AT_CTCRTAAAWNNNNRMCGTTR_2_2_YES"
[1] "MYBL1_HT-SELEX_TTGCGT20NTA_AF_ACNGTTAAACNG_1_4_YES"
[1] "MYBL1_HT-SELEX_TTGCGT20NTA_AF_NCCGTTAACGGN_1_4_YES"
[1] "MYBL1_HT-SELEX_TTGCGT20NTA_AF_NNAACCGTTNN_1_4_YES"
[1] "MYBL1_HT-SELEX_TTGCGT20NTA_AF_NNCNGTTNNNACNGTTN_1_4_YES"
[1] "MYBL1_MAX_CAP-SELEX_TCCTTG40NGGT_AX_NCACGTGNNYAACSGNN_1_2_YES"
[1] "MYBL1_MAX_CAP-SELEX_TCCTTG40NGGT_AX_YAACGGNNNNNNNNNNCACGTG_1_2_YES"
[1] "MYBL1_MAX_CAP-SELEX_TCCTTG40NGGT_AX_YAACGGNNNNNNNNNNNCACGTG_1_2_YES"
[1] "MYBL1_ONECUT2_CAP-SELEX_TCTACC40NTAG_AX_NAACGGNNATYGANN_1_3_YES"
[1] "MYBL1_TBX21_CAP-SELEX_TTTCTG40NTAG_AX_AGGTGTGNCSGTTR_2_2_YES"
[1] "MYBL2_HT-SELEX_TGAGTG20NGA_AC_ACCGTTARRACCGTTA_2_3_YES"
[1] "MYF6_HT-SELEX_TCCCGC40NACA_KR_CGTCANNTGTYN_1_4_NO"
[1] "MYOG_TEAD4_TGCTTC40NGTCA_YJII_CAGCTGNNNNNNNATTCC_m2_c3b0_short"
[1] "NEUROD1_HT-SELEX_TTGTAC40NGTA_KX_AAWTANNNNNNCATATGNN_1_3_YES"
[1] "NEUROG1_TCF3_TCGCAC40NCCT_YIII_NMCATCTGYYN_m1_c3b0u_short"
[1] "NEUROG2_ONECUT1_TAGGAG40NAGT_YJII_ATCGATNNNNNCATATG_m1_c3b0_short"
[1] "NFAT5_HT-SELEX_TGAGCG40NTTG_KS_NYGGAAANNTACN_1_4_NO"
[1] "NFATC1_HOXB5_TGACGC40NCAC_YVIII_NTAATGYGGAAAN_m2_c3b0_short"
[1] "NFATC1_HT-SELEX_TTCAAG40NGCC_KS_NTTTCCATGGAAAN_1_2_NO"
[1] "NFATC1_HT-SELEX_TTCAAG40NGCC_KS_NTTTCCRNNNNYGGAAAN_1_2_YES"
[1] "NFATC1_HT-SELEX_TTCGTA20NTGC_AE_NATGGAAANWWWWTTTYCMN_2_4_YES"
[1] "NFATC1_HT-SELEX_TTCGTA20NTGC_AE_TTTCCAYNRTGGAAA_2_4_YES"
[1] "NFATC1_POU2F2_TAGGTC40NACCA_YAAIIII_NYGGAAANTATGCAAAN_m2_c3b0u_short"
[1] "NFATC3_HT-SELEX_TAGATG40NTAT_KT_NAYGGAAAMN_1_3_NO"
[1] "NFATC3_HT-SELEX_TAGATG40NTAT_KT_NYGGAAANNNNNNNTTTCCRN_1_3_YES"
[1] "NFATC4_NKX2-6_TGGCCT40NATTT_YQII_NGGAAANNCACTTN_m1_c3b0_short"
[1] "NFATC4_ONECUT1_TCCGTC40NGTT_YJII_YGGAAANNNATCGAT_m1_c3b0_short"
[1] "NFIA_HT-SELEX_TACGTC20NTGC_AA_NNTGCCAANN_0_3_YES"
[1] "NFIA_HT-SELEX_TACGTC20NTGC_AA_TTGGCANNNTGCCAR_2_3_YES"
[1] "NFIX_HT-SELEX_TGAGAT20NAGA_W_NNTGCCAAN_1_3_YES"
[1] "NFKB1_HT-SELEX_TCTCAA20NGA_AA_NGGGGAWTCCCCN_2_3_YES"
[1] "NHLH1_HT-SELEX_TCTCCA40NGGA_KV_NKGNMKCAGCTGCGYCMN_2_4_NO"
[1] "NKX2-3_Methyl-HT-SELEX_TAGGGA40NCTG_KR_NTCGTTGAN_1_3_NO"
[1] "NKX2-4_TBX4_TCCAGC40NGGC_YWII_AGGTGTNAAGTG_m1_c3b0_short"
[1] "NKX2-5_HT-SELEX_TCCGAG40NTGG_KW_NCCACTTRAN_1_3_YES"
[1] "NKX2-8_Methyl-HT-SELEX_TAACGT40NGAT_KW_NATGTCGTTAYTGN_2_3_YES"
[1] "NKX3-1_Methyl-HT-SELEX_TAACTG40NGTA_KV_NCCACTTAAN_1_3_NO"
[1] "NKX6-3_Methyl-HT-SELEX_TTAGGC40NATA_KO_NTMATTAAN_1_2_YES"
[1] "NR1I2_HT-SELEX_TACTGG40NGGA_KR_AGTTCRNNNRGTTCA_1_4b2"
[1] "NR1I3_HT-SELEX_TGGCCA40NTTC_KAF_NTGAACTWW_1_3_YES"
[1] "NR1I3_HT-SELEX_TTTAGC40NGAC_KL_AGTTCANNNNAGTTCA_1_3b1"
[1] "NR1I3_Methyl-HT-SELEX_TGGGCT40NGTT_KAF_NYGAACTWW_1_3_YES"
[1] "NR2C1_HT-SELEX_TATTCA40NAGT_KT_NRGGTCRYGACCYN_1_4_YES"
[1] "NR2C1_HT-SELEX_TATTCA40NAGT_KT_NRRGGTCAN_1_4_YES"
[1] "NR2C1_Methyl-HT-SELEX_TACGGC40NAGT_KT_NRAGGTCAN_1_4_YES"
[1] "NR2E1_HT-SELEX_TAACAA20NACA_W_AAAAGTCAA_1_4_NO"
[1] "NR2E1_HT-SELEX_TAACAA20NACA_W_RAGTCAANAAGTCA_1_4_NO"
[1] "NR2F1_HT-SELEX_TAGAGC40NTAG_KW_NRGGTCRNTGACCYN_1_4_NO"
[1] "NR2F1_HT-SELEX_TCTGAC20NGA_AE_RRGGTCAN_1_4_YES"
[1] "NR2F1_HT-SELEX_TCTGAC30NAGG_AI_RRGGTCANNNGGTCAN_1_4_YES"
[1] "NR4A1_HOXA2_TGAACA40NAAT_YJI_NAAAGGTTAATKRN_m1_c3b0_short"
[1] "NR4A2_HT-SELEX_TCATTG20NTTA_W_AGGTCANNNNNTGACCT_2_4_YES"
[1] "NR4A2_HT-SELEX_TCATTG20NTTA_W_TGACCTTTAAAGGTCA_2_4_YES"
[1] "NR5A2_HT-SELEX_TGCTCA40NCTG_KR_NCAAGGTCRNGACCTTGN_2_3_YES"
[1] "NR5A2_HT-SELEX_TGCTCA40NCTG_KR_YGACCTTGNNNCAAGGTCR_2_3_YES"
[1] "NR6A1_HT-SELEX_TTGATG40NATC_KT_NTCAAGKTCAAGKTCAN_1_3_YES"
[1] "NRF1_HT-SELEX_TAGCGA20NCG_AC_YGCGCATGCGCN_1_2_YES"
[1] "NRL_HT-SELEX_TGGAGA40NCCA_KR_NWWWNTGCTGACN_1_3_YES"
[1] "NRL_NFATC1_TTCTAA40NAAT_YADI_WWWNYGCTGAYGGAAHN_m2_c3b0u_short"
[1] "OLIG2_RUNX2_TGGCCG40NCTTT_YII_NAACCGCNNNNCATATGKN_m1_c3b1_short"
[1] "OLIG2_TEAD4_TGGCCG40NCTTT_YJII_CATATGNNNNNNCATTCC_m1_c3b0_short"
[1] "ONECUT1_Methyl-HT-SELEX_TGGCCG40NGCT_KW_NTATTGATCSGN_1_4_NO"
[1] "ONECUT2_IRF7_TCGTTC40NATA_YAEIIII_NRAATCGAAANYN_m1_c3b0_short"
[1] "ONECUT2_Methyl-HT-SELEX_TCCGGA40NGTC_KZ_NTATTGATTWN_1_2_NO"
[1] "ONECUT2_TGIF2LX_TGGCCG40NGCT_YVII_NATYGATGACAN_m1_c3b0_short"
[1] "ONECUT2_TGIF2LX_TGGCCG40NGCT_YVII_NATYGATTGACAN_m1_c3b0_short"
[1] "ONECUT2_TGIF2LX_TGGCCG40NGCT_YVII_NMTGTCAATAAN_m1_c3b0_short"
[1] "OSR1_HT-SELEX_TGGAGA40NCCA_KS_NGCTACYGTN_1_3_NO"
[1] "OTX1_HT-SELEX_TGATAA20NGA_Y_NNTAATCCGATTANN_1_3_NO"
[1] "OTX1_TEAD4_TTTATT40NGCTG_YJII_TAATCNNCATTCC_m1_c3b0_short"
[1] "OVOL1_HT-SELEX_TGCTGG40NGCC_KX_NRWACCGTTATNYN_1_3_NO"
[1] "PAX1_EVX1_TCCTGC40NTCG_YPIIII_NTMATTACAYGCWYNRNYRN_m2_c3b0_short"
[1] "PAX1_HOXA2_TATAGC40NGAC_YJI_NYMATTAGTCACGSN_m1_c3b0u_short"
[1] "PAX1_ISX_TATAGC40NGAC_YUIIII_NYAATTRGTCAYGSNYNRN_m1_c3b0_short"
[1] "PAX1_MSX2_TCCTGC40NTCG_YSIIII_NYAATTACAYGSNYMATTRN_m2_c3b0_short"
[1] "PAX1_NKX6-1_TCCTGC40NTCG_YVIII_NSGTCAYGSNYMATTAN_m2_c3b0u_short"
[1] "PAX1_POU3F4_TATAGC40NGAC_YAGIII_CACGCNNNATGCA_m1_c3b0_short"
[1] "PAX1_TBX21_TATAGC40NGAC_YYI_NTNACACCTTCACGCWYSRNYN_m2_c3b0u_short"
[1] "PAX1_VSX2_TATAGC40NGAC_YLIIII_TAATTNCACGC_m1_c3b0_short"
[1] "PAX2_GATA4_TTGCTG40NCTA_YII_GATAGTCACGTT_m2_c3b0_short"
[1] "PAX2_HOXA2_TTGCTG40NCTA_YJI_NYMATTAGTCAYGSNYNRNYN_m1_c3b0u_short"
[1] "PAX2_RUNX2_TAAACT40NTGA_YII_NGTTCCGCTCCANTGNNYN_m1_c3b1_short"
[1] "PAX2_TBX4_TTGCTG40NCTA_YWII_NACACCTNCACGCN_m1_c3b0u_short"
[1] "PAX2_TEAD4_TAAACT40NTGA_YJII_CATTCNNCACGCNY_m1_c3b0_short"
[1] "PAX3_HT-SELEX_TCAAAT40NCTG_KN_NSGTCACGSNNATTAN_1_2_NO"
[1] "PAX3_HT-SELEX_TCAAAT40NCTG_KN_NYRATTMGTCACGSTN_1_2_YES"
[1] "PAX3_HT-SELEX_TTAGGG20NGGA_AL_GTCACGCNNMATTAN_1_3_NA"
[1] "PAX4_HT-SELEX_TCGGCT40NTAA_KP_NAATTANNNNNNNNTAATTN_1_4_YES"
[1] "PAX4_HT-SELEX_TCGGCT40NTAA_KP_NATTTCACGCWTSANYGNNYN_1_4_NO"
[1] "PAX4_HT-SELEX_TCGGCT40NTAA_KP_NTYACGCWTSANYGNNYN_1_4_NO"
[1] "PAX4_HT-SELEX_TCGGCT40NTAA_KP_NYACGCTAATTAN_1_4_NO"
[1] "PAX5_GATA4_TAGCTT40NGAC_YII_GATAGTCACGCNYNR_m1_c3b0_short"
[1] "PAX5_RUNX2_TATATT40NTGC_YII_NGTTCCGCTCCANTGNNYN_m1_c3b0_short"
[1] "PAX5_TBX4_TAGCTT40NGAC_YWII_NGTCACGCWYYAACACCTN_m2_c3b0u_short"
[1] "PAX5_TEAD4_TATATT40NTGC_YJII_KYCACGCNNNNNNNNNNNNNNGGAATKY_m2_c3b0_short"
[1] "PAX7_HT-SELEX_TAGGGC20NGGT_AE_TAATYRATTA_1_3_NO"
[1] "PAX9_HT-SELEX_TGACCC40NGAA_KP_NSGTCACGCWTSANYGN_1_2_NO"
[1] "PBX1_EN2_TGGTAC40NTCT_YRIII_ACATCTNAATTA_m1_c3b0_short"
[1] "PBX1_EN2_TGGTAC40NTCT_YRIII_TAATTAANNCATCA_m1_c3b0_short"
[1] "PBX1_HT-SELEX_TAAGTC40NCGT_KR_KTGATTGAYR_1_3_NO"
[1] "PBX1_TEAD4_TCCAGA40NGCTC_YJII_GGWATKCMATCAA_m1_c3b0_short"
[1] "PBX4_HOXA10_CAP-SELEX_TGACAA40NACT_AS_YNNRTAAATCAATCA_2_2_YES"
[1] "PDX1_HT-SELEX_TGGAAT30NAAT_AI_NYAATTARNNNYAATTAN_1_3_NO"
[1] "PITX1_EOMES_CAP-SELEX_TCAGCA40NCTC_AAB_GGATTANNARGTGTKN_1_3_YES"
[1] "PITX1_EOMES_CAP-SELEX_TCAGCA40NCTC_AAB_RGGTGTKANNNNGGATTA_1_3_YES"
[1] "PITX1_FIGLA_CAP-SELEX_TGTGAT40NGCA_AAB_TAATCCNNNNCASSTG_1_3_YES"
[1] "PITX1_HES7_CAP-SELEX_TAGTGC40NATG_AAB_NCACGTGNNGGATTA_1_3b1_YES"
[1] "PITX1_HES7_CAP-SELEX_TAGTGC40NATG_AAB_NCRCGTGNNNGGATTA_1_3b1_YES"
[1] "PITX1_HES7_CAP-SELEX_TAGTGC40NATG_AAB_NNCRCGTGNNNNGGATTA_1_3b1_YES"
[1] "PITX1_HT-SELEX_TCATGC20NCG_Y_NYTAATCCN_1_3_YES"
[1] "PITX1_TBX21_CAP-SELEX_TGTAGC40NCCT_AAB_AGGTGNGAARGGATTA_2_3_YES"
[1] "PKNOX1_Methyl-HT-SELEX_TCGGGA40NGCA_KR_TGACANNTGTCA_1_2_NO"
[1] "POU1F1_HT-SELEX_TTCAAG40NGCC_KP_NTATGCWAATKAGN_1_3_YES"
[1] "POU1F1_TBX21_TGGCAG40NCCT_YYI_NAGGTGTKAATTAN_m1_c3b0_short"
[1] "POU2F1_DLX2_CAP-SELEX_TCCGCA40NCGC_AX_TGMATATKCANNNNNTAATKR_1_2_YES"
[1] "POU2F1_DLX2_CAP-SELEX_TCCGCA40NCGC_AX_TGMATATKCANNNNTAATKR_1_2_YES"
[1] "POU2F1_DLX2_CAP-SELEX_TCCGCA40NCGC_AX_WTWTGCATANNTAATTA_1_2_YES"
[1] "POU2F1_ELK1_CAP-SELEX_TAGCGA40NGCT_AX_NCCGGATATGCAN_1_2_YES"
[1] "POU2F1_EOMES_CAP-SELEX_TCCCGA40NGCC_AX_ARGTGTNNNAATATKYNNNCRCNN_1_2_YES"
[1] "POU2F1_EOMES_CAP-SELEX_TCCCGA40NGCC_AX_NNNTATGCAGYGTKA_1_2_YES"
[1] "POU2F1_EOMES_CAP-SELEX_TCCCGA40NGCC_AX_NNNTATGCNNNGYGANNNNNNNNNNNCRCN_1_2_YES"
[1] "POU2F1_EOMES_CAP-SELEX_TGTCGT40NGCG_AS_RGTGTNNNAATATKNN_1_2_YES"
[1] "POU2F1_ETV1_CAP-SELEX_TGCGAA40NAGC_AS_NCCGGATATGCAN_1_2u_YES"
[1] "POU2F1_FOXO6_CAP-SELEX_TAATGA40NGTA_AX_RMATATKCNNNNNNNNNNNNNNNNRWMAACA_1_2_YES"
[1] "POU2F1_FOXO6_CAP-SELEX_TAATGA40NGTA_AX_RMATATKCNNNNNNNNNNNNNNNRWMAACA_1_2_YES"
[1] "POU2F1_FOXO6_CAP-SELEX_TAATGA40NGTA_AX_RMATATKCNNNNNNNNNNNNNRWMAACA_1_2_YES"
[1] "POU2F1_GSC2_CAP-SELEX_TGCCAT40NACC_AS_NNGATTANNNATGCAWNNN_1_2_NO"
[1] "POU2F1_HOXB13_CAP-SELEX_TACATT40NTAC_AX_NRMATATACCAATAAA_2_2_YES"
[1] "POU2F1_HT-SELEX_TCTTTC20NGA_AC_NWTRMATATKYAWN_1_2_YES"
[1] "POU2F1_SOX15_CAP-SELEX_TAACCC40NCCA_AX_NNNGMATAACAAWRRN_1_2_YES"
[1] "POU2F1_SOX2_CAP-SELEX_TATTCG40NCTG_AX_NATTTRCNNNACAATRN_2_2_YES"
[1] "POU2F2_HT-SELEX_TCAGCA40NCTC_KT_NCATTANNNTAATGN_1_4_YES"
[1] "POU2F2_HT-SELEX_TCAGCA40NCTC_KT_NTAATNTATGCN_1_4_YES"
[1] "POU2F2_Methyl-HT-SELEX_TCTTCG40NGAT_KT_NTCATTATGCAN_1_3_YES"
[1] "POU2F2_Methyl-HT-SELEX_TCTTCG40NGAT_KT_NYATGCGCATAN_1_4_NO"
[1] "POU2F3_HT-SELEX_TGCATT40NCCT_KP_NTATGCWAATN_1_4_YES"
[1] "POU2F3_TGIF2LX_TGTGGG40NAAC_YVII_NATGCAAATGACAN_m2_c3b0_short"
[1] "POU2F3_TGIF2LX_TGTGGG40NAAC_YVII_TGACANATGCAAAWN_m2_c3b0_short"
[1] "POU3F1_HT-SELEX_TATGCT40NACT_KP_NAATTANNNNNTAATTN_1_4b0_NO"
[1] "POU3F1_HT-SELEX_TATGCT40NACT_KP_NTAATKAKATGCRN_1_4b0_YES"
[1] "POU3F1_Methyl-HT-SELEX_TGGAGG40NCCT_KP_NTAATTWATGCGN_1_4_NO"
[1] "POU3F1_Methyl-HT-SELEX_TGGAGG40NCCT_KP_TAATTNNNNNNNAATTA_1_4_NO"
[1] "POU3F2_HT-SELEX_TGGAGA40NCCA_KP_TAATTNNNNNNNNAATTA_1_4_YES"
[1] "POU3F2_HT-SELEX_TGTTCA40NCTG_AI_NWTGMATAAWTNA_1_3_NO"
[1] "POU3F2_MEIS3_TTGTCC40NTAG_YRIIII_NTGACANTAATKWN_m1_c3b0_short"
[1] "POU4F1_FOXD2_TAACGC40NGTG_YWI_NATGCAYWANRYAAACAN_m1_c3b0_short"
[1] "POU4F1_HT-SELEX_TACAAA20NAAC_Y_ATGMATAATTAATG_2_3_YES"
[1] "POU4F1_TEAD4_TCGAAC40NGAT_YJII_TATGCATACC_m1_c3b0_short"
[1] "POU4F1_TGIF2LX_TAACGC40NGTG_YVII_NTGTCAATWATGNAN_m1_c3b0_short"
[1] "POU4F2_TGIF2LX_TCTTGC40NTTC_YVII_TGTCATNAATAANNNAN_m2_c3b0_short"
[1] "POU4F3_CREM_TAAGTT40NGAT_YLIII_GACGTCNNNNNNNNNNNNTATGCA_m1_c3b0u_short"
[1] "POU4F3_Methyl-HT-SELEX_TCATAC40NTTA_KP_NTATGCATAN_1_4_YES"
[1] "POU4F3_TBX21_TAAGTT40NGAT_YYI_NAGGTGTNAATTATTNAN_m1_c3b0u_short"
[1] "POU5F1_Methyl-HT-SELEX_TCGCAC40NCCT_KAE_NYTAATTATGCGNRN_1_2_YES"
[1] "POU6F1_HT-SELEX_TCGATT40NTTG_KAE_NATTATNNNNNNNATAATN_1_4_YES"
[1] "POU6F1_HT-SELEX_TCGATT40NTTG_KAE_NTAATKAGSN_1_4_YES"
[1] "POU6F1_HT-SELEX_TCGATT40NTTG_KAE_TATGCNNNGCATA_1_4_YES"
[1] "PRDM1_HT-SELEX_TATATA40NGCT_KS_NRGNGAAAGTGN_1_4_YES"
[1] "PRDM1_HT-SELEX_TTGAGG20NGAT_AE_NRAAAGTGAAAGTGN_2_2_YES"
[1] "PRDM4_HT-SELEX_TAGCAG20NCG_AC_TTTCAAGGCYCCC_3_4_YES"
[1] "PRDM4_Methyl-HT-SELEX_TAAATC40NGTT_KT_YRRCRGTTTCRAGKSYNCCC_2_4_YES"
[1] "PROX1_HOXA2_TCATAA40NAGC_YJI_NTAATTAAAGAN_m1_c3b0_short"
[1] "PROX1_HOXB2_TCATAA40NAGC_YUI_NYMATTWAAGNNNNCTTN_m1_c3b0u_short"
[1] "PROX1_HT-SELEX_TGCAGA20NGA_AF_NAAGACGYCTTN_1_4_YES"
[1] "PROX2_MAFK_TAACCT40NCGG_YPIIII_NGTAAGGCGTCATCN_m2_c3b0_short"
[1] "PRRX1_NFKB2_TACATC40NCAAG_YADI_TAATTANNNNNGGGGA_m1_c3b0_short"
[1] "PRRX2_HT-SELEX_TTGCTT40NCCA_KR_NTCGTTAN_1_2_YES"
[1] "RARA_HT-SELEX_TAAAAT20NTA_Q_ARRGGTCANNNRRGGTCA_2_3_YES"
[1] "RARA_HT-SELEX_TAAAAT20NTA_Q_RAGGTCAAAAGGTCAAKN_2_3_YES"
[1] "RARA_HT-SELEX_TAAAAT20NTA_Q_RGGTCANNNARRGGTCA_2_3_YES"
[1] "RARA_HT-SELEX_TGAACC40NCCA_KS_NRRGGTCANN_1_4_NO"
[1] "RFX1_HT-SELEX_TTTAGG40NTCT_KS_NGTTRCCATGGYAACN_1_3_NO"
[1] "RFX3_BHLHA15_CAP-SELEX_TTCTTT40NCAG_AY_NRGYAACNNNCATATGKN_1_3_YES"
[1] "RFX3_FIGLA_CAP-SELEX_TCGGCA40NAGC_AY_GTTGCYNNNNNNNNNNNNCASSTG_1_3_YES"
[1] "RFX3_FIGLA_CAP-SELEX_TCGGCA40NAGC_AY_TRGYAACNNNNCASSTGNN_1_3_YES"
[1] "RFX3_HES7_CAP-SELEX_TGCCGG40NCAG_AY_NRGCAACNNNCRCGYGNN_1_3b1_YES"
[1] "RFX3_HT-SELEX_TCCACC40NTTA_KS_NGTTGCCWAGCAACN_1_2_NO"
[1] "RFX3_SREBF2_CAP-SELEX_TAAAGG40NGAC_AY_NNRGYAACNTCACGTGAY_1_3_YES"
[1] "RFX3_SRF_CAP-SELEX_TTACGG40NCGC_AY_NRGYAACNNNNNCCTWWWNNGGN_1_3_YES"
[1] "RFX5_CREM_TCCCTT40NCAT_YLIII_CGTCANNNGTTGC_m1_c3b0u_short"
[1] "RFX5_HT-SELEX_TTGATG40NATC_KO_NGTTGCYRNNNGTTGCYRN_2_3_YES"
[1] "RFX5_HT-SELEX_TTGATG40NATC_KO_NYRRCAACSGTTGCYAN_2_3_YES"
[1] "RFX5_OTP_TTGCAT40NTGG_YPIII_GTTGCNNNNNNNTAATTA_m1_c3b0_short"
[1] "RFX7_HT-SELEX_TGAGTT40NCGG_KT_NGTTGCYAN_1_3_NO"
[1] "RHOXF1_HT-SELEX_TGAGAG40NCGC_KZ_NGGATCAN_1_2_YES"
[1] "RORB_HT-SELEX_TTCGGG40NGAG_KS_AANTAGGTCAGTAGGTCA_2_4_NA"
[1] "RUNX2_HT-SELEX_TACCTA40NTCC_AI_NAACCGCAAACCRCAN_2_4_YES"
[1] "RUNX2_HT-SELEX_TACCTA40NTCC_AI_WAACCRCAAWAACCRCAN_2_4_YES"
[1] "RUNX2_HT-SELEX_TACCTA40NTCC_AI_WAACCRCAN_1_4_YES"
[1] "RUNX3_Methyl-HT-SELEX_TGGGCC40NGGA_KW_NWAACCACRNNNACCACRAAN_2_3_NO"
[1] "RUNX3_TBX6_TCATGT40NCTG_YAAII_ACCGCNNNNAGGTG_m1_c3b0_short"
[1] "Rhox11_HT-SELEX_TGGCCC20NCG_P_NGCTGTWAN_1_4_YES"
[1] "SCRT1_HT-SELEX_TCTTAG20NATG_Y_NNGCAACAGGTGGNN_2_4_YES"
[1] "SCRT2_TEAD4_TCTTTA40NTAGC_YJII_NKCAACAGGTGCATTCCN_m2_c3b0_short"
[1] "SHOX_MEF2D_TGGTCG40NTCGG_YAEII_CCAATTATGG_m1_c3b0_short"
[1] "SIX6_HT-SELEX_TACATC40NATA_KO_NSRTATCRYN_1_4_YES"
[1] "SMAD3_HT-SELEX_TGGGTA20NGA_AC_YGTCTAGACA_1_3_YES"
[1] "SOX10_HT-SELEX_TCCTCA40NAAC_KS_AACAATNNNNNATTGTT_1_4_YES"
[1] "SOX10_HT-SELEX_TGATTT20NTTA_AF_AACAATRTKCAGWGTT_1_4_YES"
[1] "SOX10_HT-SELEX_TGATTT20NTTA_AF_TGAATRTKCAGTCA_1_4_YES"
[1] "SOX10_HT-SELEX_TTGCCA40NGTG_KAF_AACAATNNNNNNATTGTT_1_3_YES"
[1] "SOX11_TBX4_TGCCAG40NATA_YWII_NACAAWRNNNAGGTGTNRN_m2_c3b0u_short"
[1] "SOX12_HT-SELEX_TTACTA40NAGG_KO_ACCGAACAATN_1_2_NO"
[1] "SOX14_HT-SELEX_TACCTA30NTCC_AH_ACAATANCATTG_1_4_NO"
[1] "SOX14_HT-SELEX_TGTGAT40NGCA_KO_NGAACAATGN_1_3_NO"
[1] "SOX18_HT-SELEX_TCACGC40NACT_KP_NACAATGN_1_4_YES"
[1] "SOX18_HT-SELEX_TGTGTC20NTGG_AE_AACAATNNCATTGTT_1_4_NO"
[1] "SOX18_HT-SELEX_TGTGTC20NTGG_AE_ATCAATNNCATTGAT_1_4_YES"
[1] "SOX30_HT-SELEX_TAAGTC40NCGT_KS_GAACAATN_1_3_NO"
[1] "SOX3_Methyl-HT-SELEX_TTTGCT40NCGT_KW_NGAACAATGN_1_4_YES"
[1] "SOX3_TEAD4_TATTCA40NAGT_YJII_GCATTNCATGC_m1_c3b0_short"
[1] "SOX4_HT-SELEX_TTGTTA40NGGT_KO_GAACAAAGRN_1_2_YES"
[1] "SOX6_TBX21_CAP-SELEX_TTCATC40NCTT_AS_RGGTGTNNNNNNNNNYATTGT_1_2_YES"
[1] "SOX6_TBX21_CAP-SELEX_TTCATC40NCTT_AS_RRGTGTNNNNNNNNACAATRN_1_2_YES"
[1] "SOX7_HT-SELEX_TGAGGC20NGGA_AF_AACAATNNNNAKTGTT_1_3_YES"
[1] "SOX9_HT-SELEX_TGGGGT20NGGT_W_ATCAATRTKCAGWGAT_1_3_YES"
[1] "SOX9_HT-SELEX_TGGGGT20NGGT_W_ATGAATRTKCAGWCAT_1_3_YES"
[1] "SOX9_TBX21_TGCCCG40NCTG_YYI_NAGGTGTKGYATTGTTN_m2_c3b0u_short"
[1] "SOX9_TBX6_TGCCCG40NCTG_YAAII_ACAATAGGTG_m1_c3b0_short"
[1] "SP2_HT-SELEX_TACGAA40NAGA_KV_NYWAGYCCCGCCCMCYN_2_3_YES"
[1] "SPDEF_HT-SELEX_TCATTG20NCG_AD_GTGGTCCCGGATYAT_2_3_NO"
[1] "SPDEF_HT-SELEX_TCATTG20NCG_AD_NCAGNAAGAMGTAWMM_3_3_NO"
[1] "SPDEF_Methyl-HT-SELEX_TGTCCC40NGGT_KX_NAMCAGGATGTN_1_3_YES"
[1] "SPIB_HT-SELEX_TGTCTA20NTCG_AK_AAAAAGMGGAAGTN_2_2_NO"
[1] "SPIB_Methyl-HT-SELEX_TGCTGA40NATA_KR_RWWGRGGAAGTN_1_4_NO"
[1] "SREBF1_HT-SELEX_TCTCCT40NCCT_KT_NTCACGCCAY_1_4_YES"
[1] "SRF_HT-SELEX_TGAACG20NGA_Y_MCCATATAWGGN_1_4_YES"
[1] "SRF_TEAD4_TTCGAG40NCATT_YJII_CATTCCNNNCCWWWWWWGG_m1_c3b0_short"
[1] "Sox1_HT-SELEX_TGTCTA20NTCG_AC_TGAATNNNNATTCA_1_4_YES"
[1] "Sox3_HT-SELEX_TGGGGT20NCG_Q_NATGAATKNYATTCATN_1_4_YES"
[1] "TBX15_HT-SELEX_TACGTC40NTGC_AI_AGGTGTGAANTTCACACCT_2_4_YES"
[1] "TBX19_HT-SELEX_TACTAT40NATC_AI_NNTCRCACNTANGTGYGANN_2_3_YES"
[1] "TBX1_HT-SELEX_TACGGA40NGGC_AI_AGGTGTGAAAAAAGGTGTGA_3_4_YES"
[1] "TBX1_HT-SELEX_TACGGA40NGGC_AI_YTCACACCTNNAGGTGTGAR_2_4_YES"
[1] "TBX20_HT-SELEX_TACTCA40NCTC_AI_AGGTGTGAAGGTGTGA_2_3_YES"
[1] "TBX21_HT-SELEX_TACTGC40NGTC_AI_TNACACCTNNNAGGTGTNA_2_3_YES"
[1] "TBX21_NKX2-6_TTTAAG40NAGC_YQII_CACACNCACTTA_m1_c3b0_short"
[1] "TBX21_RUNX2_TTTAAG40NAGC_YII_NACCGCANNNAGGTGYNAN_m2_c3b0_short"
[1] "TBX21_TEAD4_TTTAAG40NAGC_YJII_AGGYGTGANATTCC_m2_c3b0_short"
[1] "TBX2_HT-SELEX_TACCCA40NTGT_KT_NAGGTGTGAN_1_3_YES"
[1] "TBX3_HOXA2_TCACGA40NTTA_YJI_GGTGTTAATT_m1_c3b0_short"
[1] "TBX3_HT-SELEX_TAAGCC40NAGT_AR_AGGTGTNR_1_4_NA"
[1] "TCF12_HT-SELEX_TTTGAG40NATT_KS_NCACSTGN_1_3_NO"
[1] "TCF7_FOXD2_TCGGGT40NAAG_YWI_ATCAAANNNNNRTAAACAN_m2_c3b0_short"
[1] "TCF7_PAX2_TGAAGA40NACAG_YZII_GTCACGCNYSNNYGATCAAA_m2_c3b0_short"
[1] "TCFL5_HT-SELEX_40NTTTAATTTATT_KAL_NCACGYGCAN_1_3b0_NO"
[1] "TEAD1_HT-SELEX_TCTTAG20NATG_W_RCATTCCNNRCATWCCN_2_4_YES"
[1] "TEAD2_Methyl-HT-SELEX_TCGCAA40NTGT_KX_NRCATTCCWN_1_2_NO"
[1] "TEAD4_ALX4_CAP-SELEX_TGGCAA40NACT_AY_GGAATGNNNNNYTAATTA_1_3_YES"
[1] "TEAD4_ALX4_CAP-SELEX_TGGCAA40NACT_AY_RCATWCYNNNNTAATYRNATTA_1_3_YES"
[1] "TEAD4_CEBPB_CAP-SELEX_TGACTC40NTCA_AY_NTTRCGYAANNNNNNGGAATGY_1_3_YES"
[1] "TEAD4_CEBPD_CAP-SELEX_TGAGGC40NGGA_AY_NTTRCGYAANNNNNNNNRGWATGY_1_3_YES"
[1] "TEAD4_CEBPD_CAP-SELEX_TGAGGC40NGGA_AY_NTTRCGYAANNNNNNNRGWATGY_1_3_YES"
[1] "TEAD4_CLOCK_CAP-SELEX_TCTTGA40NGTG_AY_NCACGTGNNNNNNCATWCC_1_3_YES"
[1] "TEAD4_CLOCK_TTCGGA40NCGC_YJI_CACGTGNNNNNNNRCATWCC_m1_c3b0u_short"
[1] "TEAD4_DLX2_CAP-SELEX_TCGAAT40NAGG_AX_NRCATTCNNNNYAATTN_1_2_YES"
[1] "TEAD4_DLX2_CAP-SELEX_TGTGCT40NCGG_AY_RCATTCYNNNNCAATTA_1_2_NO"
[1] "TEAD4_DLX2_CAP-SELEX_TGTGCT40NCGG_AY_RCATTCYNNNNTAATTR_1_2_YES"
[1] "TEAD4_DRGX_CAP-SELEX_TCTTGT40NCAG_AX_GGAATGTTAATTR_1_3_NO"
[1] "TEAD4_ELF1_CAP-SELEX_TGTGAG40NAGG_AY_GGAATGCGGAAGTN_2_2_YES"
[1] "TEAD4_ELK1_CAP-SELEX_TATGCT40NACT_AX_RGAATSCGGAAGYN_1_2_YES"
[1] "TEAD4_ELK1_CAP-SELEX_TGACGA40NGCA_AY_RCCGGANRNNCGGWATKN_1_3_YES"
[1] "TEAD4_ELK1_CAP-SELEX_TGACGA40NGCA_AY_RMATWCCGGAWRN_1_3_YES"
[1] "TEAD4_ELK3_CAP-SELEX_TGGGCG40NCGT_AY_NCCGGAANNNNNNNMATWCC_1_3b1_YES"
[1] "TEAD4_EOMES_CAP-SELEX_TCAGCA40NCTC_AX_GGWATGNRAGGTGNNR_1_3_YES"
[1] "TEAD4_EOMES_CAP-SELEX_TCAGCA40NCTC_AX_RGGTGTNNNNNNNNGAATGYN_1_2_YES"
[1] "TEAD4_EOMES_CAP-SELEX_TGTCGT40NGCG_AY_NGYGNNAMATWCYNNTMRCRCN_1_3_YES"
[1] "TEAD4_ESRRB_CAP-SELEX_TCGATC40NTAT_AY_RCATTCYNNNNCAAGGTCAN_2_2_YES"
[1] "TEAD4_ESRRB_CAP-SELEX_TCGATC40NTAT_AY_RCATWCNNNNNNAGGTCA_1_2_YES"
[1] "TEAD4_ETV7_CAP-SELEX_TGCAGA40NGAC_AY_RGAATGCGGAARYNNNTCCN_2_3_YES"
[1] "TEAD4_FIGLA_CAP-SELEX_TCTCTT40NTCG_AY_GGAATKNNCASSTG_1_3_YES"
[1] "TEAD4_FIGLA_CAP-SELEX_TGTGAT40NGCA_AX_RATTCCNNNNNNNNNNCASSTGN_1_3_YES"
[1] "TEAD4_FOXI1_CAP-SELEX_TACATC40NATA_AX_GGWATGYGTMAACA_1_3b1_YES"
[1] "TEAD4_FOXI1_CAP-SELEX_TACATC40NATA_AX_RCATWCCNNNNNNNNNNNNNNRTMAACA_1_3b1_YES"
[1] "TEAD4_FOXI1_CAP-SELEX_TACATC40NATA_AX_RCATWCCNNNNNNNNNNNNNRTMAACA_1_3b1_YES"
[1] "TEAD4_FOXI1_CAP-SELEX_TACATC40NATA_AX_RCATWCCNNNNNNNNNNNNRTMAACA_1_3b1_YES"
[1] "TEAD4_FOXI1_CAP-SELEX_TACATC40NATA_AX_RCATWCCNNNNNNNNNNNRTMAACA_1_3b1_YES"
[1] "TEAD4_GATA3_CAP-SELEX_TGGGTA40NTGT_AY_NGATAASNNNRGWATGY_1_3_YES"
[1] "TEAD4_HES7_CAP-SELEX_TAGTGC40NATG_AX_GGWATGYNNNNCRCGYGY_1_2_YES"
[1] "TEAD4_HES7_CAP-SELEX_TAGTGC40NATG_AX_RCATTCCNNCRCGYGYN_1_2_YES"
[1] "TEAD4_HES7_CAP-SELEX_TAGTGC40NATG_AX_RCATTCCNNNNNCRCGYGYN_1_2_YES"
[1] "TEAD4_HOXA13_CAP-SELEX_TTTCAA40NTGA_AX_CYCRTAAATWCCN_1_2_YES"
[1] "TEAD4_HOXA13_CAP-SELEX_TTTCAA40NTGA_AX_GGWATGNNNRTAAA_1_2_YES"
[1] "TEAD4_HOXA13_CAP-SELEX_TTTCAA40NTGA_AX_RCATWCCNNNNNNNNYNNTAAA_1_2_YES"
[1] "TEAD4_HOXA13_CAP-SELEX_TTTCAA40NTGA_AX_RCATWCCNNNNNNTTTAYNNN_1_2_YES"
[1] "TEAD4_HOXA2_CAP-SELEX_TCTGCG40NCGG_AY_RCATTCNNNNNNCATTA_1_3_YES"
[1] "TEAD4_HOXB13_CAP-SELEX_TCTATG40NTAG_AY_CTCGTAAAATGYN_1_3_YES"
[1] "TEAD4_HOXB13_CAP-SELEX_TCTATG40NTAG_AY_CYAATAAAATGYN_1_3_YES"
[1] "TEAD4_MAX_CAP-SELEX_TGCCTG40NTCC_AY_RCATTCCNNNNNNCACGTG_1_3_YES"
[1] "TEAD4_MAX_CAP-SELEX_TGCCTG40NTCC_AY_RCATTCCNNNNNNNCACGTG_1_3_YES"
[1] "TEAD4_MAX_CAP-SELEX_TGCCTG40NTCC_AY_RGAATGYNNACGTG_1_3_YES"
[1] "TEAD4_ONECUT2_CAP-SELEX_TACTAC40NGCC_AX_RCATTCCNNATCGAYN_1_3_YES"
[1] "TEAD4_PITX1_CAP-SELEX_TCTTTC40NTTG_AY_RCATWCNNNNGGATTA_1_3_YES"
[1] "TEAD4_PITX1_CAP-SELEX_TCTTTC40NTTG_AY_RCATWCNNNNNGGATTA_1_3_YES"
[1] "TEAD4_PITX1_CAP-SELEX_TCTTTC40NTTG_AY_RCATWCYNNNNNTAATCC_1_3_YES"
[1] "TEAD4_PITX1_CAP-SELEX_TCTTTC40NTTG_AY_RCATWCYNNNNTAATCC_1_3_YES"
[1] "TEAD4_RFX5_CAP-SELEX_TCGGTT40NTGT_AY_RCATTCNNNNNNNNNNNNNNNNGCAACN_1_2_YES"
[1] "TEAD4_RFX5_CAP-SELEX_TCGGTT40NTGT_AY_RCATTCNNNNNNNNNNNNNNNNNGCAACN_1_2_YES"
[1] "TEAD4_SOX15_CAP-SELEX_TCGCCA40NCCT_AY_NACAATRNNNNGAATGY_1_3_YES"
[1] "TEAD4_SOX15_CAP-SELEX_TCGCCA40NCCT_AY_NACAATRNNNNNGAATGY_1_3_YES"
[1] "TEAD4_SOX6_CAP-SELEX_TGAGAT40NAGA_AY_NNACAATNNNNNNGAATGY_1_3_YES"
[1] "TEAD4_SPDEF_CAP-SELEX_TGGAGC40NGAT_AY_RGAATGCGGAWRT_1_3_YES"
[1] "TEAD4_SPDEF_CAP-SELEX_TTGCAA40NGTG_AX_RGWATSCGGATGNNNNTCCKNNN_2_3_YES"
[1] "TEAD4_TBX21_CAP-SELEX_TGTTCA40NCTG_AY_ANGTGTGAATWCY_1_3_YES"
[1] "TEAD4_TCF3_CAP-SELEX_TCGTTA40NTTT_AY_NCAGGTGNGWATGYN_1_3_YES"
[1] "TEF_HT-SELEX_TAAGCT40NTGC_KN_NRTTAYGTAAYN_1_4_NO"
[1] "TFAP2A_HT-SELEX_TCTCCC20NCCG_Y_NGCCNNNNGGCN_1_3_NO"
[1] "TFAP2A_HT-SELEX_TCTCCC20NCCG_Y_NSCCNNNNNGGSN_0_3_NO"
[1] "TFAP2B_HT-SELEX_TGAGTT40NCGG_KP_NGCCNNNGGCN_1_2_NO"
[1] "TFAP2C_DLX3_CAP-SELEX_TTGCAT40NTGG_AY_NSCCNNNRGGCANNNNNNTAATKR_1_3_YES"
[1] "TFAP2C_DLX3_CAP-SELEX_TTGCAT40NTGG_AY_NSCCNNNRGGCANNNNNTAATKR_1_3_YES"
[1] "TFAP2C_DLX3_CAP-SELEX_TTGCAT40NTGG_AY_NSCCNNNRGGCANNNNYMATTA_1_3_YES"
[1] "TFAP2C_DRGX_CAP-SELEX_TGATCA40NAGG_AY_SCCNNNGGCNNYAATTA_1_3_YES"
[1] "TFAP2C_E2F8_CAP-SELEX_TGCGCG40NTAG_AY_NNTCCCGCNNNCCNNNGGC_1_3_YES"
[1] "TFAP2C_ELK1_CAP-SELEX_TTCGCT40NCTT_AY_NGCCTNNGGSNNCGGAAGYN_1_3_YES"
[1] "TFAP2C_ETV7_CAP-SELEX_TTGGTG40NTAC_AY_SCCNNNGGSNNNGGAAGNNNTTCCNN_1_2_YES"
[1] "TFAP2C_HES7_CAP-SELEX_TGTGAA40NTAC_AY_NNCRCGYGNNNNNNNSCCNNNGGS_1_3_YES"
[1] "TFAP2C_HES7_CAP-SELEX_TGTGAA40NTAC_AY_NNCRCGYGNNNNNNSCCNNNGGS_1_3_YES"
[1] "TFAP2C_HOXB13_CAP-SELEX_TGCGAC40NGGT_AY_SCCNNNNGGCATNGTWAA_1_3_YES"
[1] "TFAP2C_MAX_CAP-SELEX_TTAGTC40NTCC_AY_TNSCCNNNGGSNNNCACGTGN_1_2_YES"
[1] "TFAP2C_MAX_CAP-SELEX_TTAGTC40NTCC_AY_TNSCCNNNGGSNNNNCACGTGN_1_3_YES"
[1] "TFAP2C_MAX_CAP-SELEX_TTAGTC40NTCC_AY_TNSCCNNNGGSNNNNNNNNNNNNNCACGTGN_1_3_YES"
[1] "TFAP2C_MAX_CAP-SELEX_TTAGTC40NTCC_AY_TNSCCNNNGGSNNNNNNNNNNNNNNCACGTGN_1_3_YES"
[1] "TFAP2C_ONECUT2_CAP-SELEX_TCCAGG40NTAG_AY_NATCGATNNNNNGCCTNNGGSNN_1_3_YES"
[1] "TFAP2C_ONECUT2_CAP-SELEX_TCCAGG40NTAG_AY_NATCGATNNNNNNNGCCTNNGGSNN_1_3_YES"
[1] "TFAP2C_ONECUT2_CAP-SELEX_TCCAGG40NTAG_AY_NATCGATNNNNNNNNGCCTNNGGSNN_1_3_YES"
[1] "TFAP2C_ONECUT2_CAP-SELEX_TCCAGG40NTAG_AY_NATYGATNNNNNNNNNGCCTNNGGSNN_1_3_YES"
[1] "TFAP4_DLX3_CAP-SELEX_TGGGTG40NGGA_AW_NCAGSTGNNNNNNGTAATKR_1_3_YES"
[1] "TFAP4_DLX3_CAP-SELEX_TGGGTG40NGGA_AW_NCAGSTGNNNNNNNGTAATKR_1_3_YES"
[1] "TFAP4_DLX3_HT-SELEX_TAGCCA40NTAT_DM_NNCAGCTGNNNNNNNTAATTN_1_4b2_NO"
[1] "TFAP4_FLI1_HT-SELEX_TGAAGA40NATG_DM_ACCGGAAACAGCTGNN_1_4_NO"
[1] "TFAP4_FLI1_TCTGAA40NAACT_YYIII_NCGGAWRYCAGCTGN_m1_c3b0_short"
[1] "TFAP4_MAX_CAP-SELEX_TCCTTG40NGGT_AW_NCAGCTGNNNNNNNCACGTGN_1_3_YES"
[1] "TFAP4_TBX21_TACTGT40NCGC_YYI_NAGGTGTCAGCTGN_m1_c3b0u_short"
[1] "TFCP2L1_HT-SELEX_TGCAGC40NATT_KT_NCCGGNNNNNNCCGGN_2_4_NO"
[1] "TFE3_ETV4_TACAGA40NTATT_YSIII_NCACGTGNNMGGAWRYN_m1_c3b0_short"
[1] "TFE3_Methyl-HT-SELEX_TGGTCC40NTTC_KS_RNCAYGTGAYN_1_4_NO"
[1] "TFEB_HT-SELEX_TAGTTT20NCG_W_RTCACGTGAY_1_2_NO"
[1] "TGIF2_GCM1_TGGGTC40NAAG_YACII_NRTRCKGGYTGTCAN_m1_c3b0_short"
[1] "TGIF2_HT-SELEX_TCCTCG40NCAG_KZ_NTGACAGN_1_2_NO"
[1] "TGIF2_TBX21_TGGGTC40NAAG_YYI_NTGACGTGTGAN_m1_c3b0_short"
[1] "THRA_HT-SELEX_TCGGCC40NCGT_AI_NTGACCTNATNAGGTCAN_2_4_YES"
[1] "THRB_HT-SELEX_TGGCAA30NACT_AI_NTGACCTNNNNNAGGTCAN_2_4_YES"
[1] "THRB_HT-SELEX_TGGCAA30NACT_AI_NTGACCTYANNTRAGGTCAN_2_4_YES"
[1] "THRB_HT-SELEX_TTCGTT40NGCC_KZ_NYGACCTNNNNYGACCTYN_1_4_NO"
[1] "THRB_Methyl-HT-SELEX_TTACGT40NGGA_KZ_NYGACCTNNNNYGACCTYN_1_4_NO"
[1] "TLX3_HT-SELEX_TGAACT40NAAG_KX_NAATTGNNNNNNNNNNCAATTN_1_4b0_YES"
[1] "TLX3_HT-SELEX_TTAGCA40NGGT_KV_NAATTGNNNNNNNNNNNNNCAATTN_1_4b0_YES"
[1] "TLX3_Methyl-HT-SELEX_TGGACG40NAAG_KV_NAATTGNNNNNNNNNNNCAATTN_1_4b0_YES"
[1] "TLX3_Methyl-HT-SELEX_TTGCCT40NAAC_KX_NAATTGNNNNNNNNNCAATTN_1_4b0_YES"
[1] "TP63_HT-SELEX_TTCCTT20NGA_R_RACATGTYNNRACATGTC_2_3_NO"
[1] "Tcf7_HT-SELEX_TATATC20NCG_AC_NAAGATCAAAGG_2_4_NO"
[1] "Tp53_HT-SELEX_TCGGGG20NGGT_AK_ACAWGTCNNNNRACAWGT_2_4_YES"
[1] "Tp53_HT-SELEX_TCGGGG20NGGT_AK_ACAWGTCNNNRRCAWGT_2_4_YES"
[1] "VAX1_GCM1_TGGCCA40NTTC_YACII_NTAATKATRCGGGYN_m1_c3b0u_short"
[1] "VENTX_HT-SELEX_TATTTG40NCCA_KW_CGATTATCG_1_4_YES"
[1] "VENTX_HT-SELEX_TGAAGT30NGAA_AI_NMCRATTAR_1_4_YES"
[1] "VENTX_HT-SELEX_TGAAGT30NGAA_AI_SSYTAATCGRWAANCGATTAR_2_4_YES"
[1] "XPA_HT-SELEX_TCACGC40NACT_KX_NCACCTCACAN_1_4_NO"
[1] "YBX1_HT-SELEX_TTGCTC40NGAA_KR_YGTWCCAYC_1_4_YES"
[1] "YY1_HT-SELEX_TTGGGC40NGGC_KX_NGCCATNTTTGNCNNNNYGTGCN_2_4_YES"
[1] "YY1_Methyl-HT-SELEX_TGTACG40NCGG_KX_NGCSGCCATYTTGN_2_4_NO"
[1] "YY2_HT-SELEX_TCTTTC20NTTG_Y_NNCCGCCATNW_1_4_YES"
[1] "YY2_HT-SELEX_TGAGCA20NGA_AE_CCATGCCGCCAT_2_4_YES"
[1] "ZBED1_HT-SELEX_TAATAG20NCG_W_NTATCGCGAYATR_2_3_YES"
[1] "ZBTB12_HT-SELEX_TACTGG40NGGA_KV_NGCTGNNCCGCGYN_1_4_YES"
[1] "ZBTB12_HT-SELEX_TACTGG40NGGA_KV_NGGCCTGCCGTCNT_1_4_YES"
[1] "ZBTB12_Methyl-HT-SELEX_TAGTCG40NAGA_KV_NGGCCTGCCGTCNN_1_4_YES"
[1] "ZBTB14_HT-SELEX_TGACTG40NATG_KAE_NTGCRCGTGCACGYGN_1_4_NO"
[1] "ZBTB14_Methyl-HT-SELEX_TTGGCG40NGCC_KAE_NTGCRCGTGCACGYGN_1_4b0_YES"
[1] "ZBTB18_HT-SELEX_TGCAGC40NATT_KR_NWTCCAGATGTKN_1_2_NO"
[1] "ZBTB20_HT-SELEX_TTCGCC40NGAC_KR_NYAAYGTATRKN_1_2_YES"
[1] "ZBTB22_HT-SELEX_TGCCTC40NCAA_KP_NKCACTANNNTAGTGMN_1_3_NO"
[1] "ZBTB26_HT-SELEX_TGAAGG40NGAT_KAE_NMTCYAGAAAAN_1_3_NO"
[1] "ZBTB2_HT-SELEX_TTAAAT40NAAT_KT_NTTTMCGGTWAN_1_4_NO"
[1] "ZBTB32_HT-SELEX_TACTAA40NATT_KT_NRTACAGTNNNACTGTAYN_2_4_YES"
[1] "ZBTB33_Methyl-HT-SELEX_TTGCGA40NGTA_KR_NRCGCNNWTTTAACATAAYN_1_4_YES"
[1] "ZBTB37_HT-SELEX_TCGCGT40NCGG_KR_NTGCCGNNTTRGCCGWN_2_3_YES"
[1] "ZBTB37_Methyl-HT-SELEX_TATGTC40NGGA_KR_NYACCGCRNNYACCGYR_2_3_YES"
[1] "ZBTB43_HT-SELEX_TACGGT40NTAC_KR_NGTGCCNNNNNNNYAGCACN_1_3_YES"
[1] "ZBTB49_HT-SELEX_TCTAAT20NGA_AC_TTTCGCNTGGCNNGTCA_2_4_YES"
[1] "ZBTB7A_HT-SELEX_TGAGGA40NTTG_KR_NCGACCMCCGN_1_4_NO"
[1] "ZFP1_HT-SELEX_TGAACT40NAAG_KT_NTTTTATACCCAGCN_2_3_NO"
[1] "ZFP41_HT-SELEX_TCAGAA40NAGG_KV_NGCTAACTCTCCRCR_2_2_YES"
[1] "ZIC1_HT-SELEX_TTTATT40NATC_KW_NMCCMCCYGCTGYGN_2_4_NO"
[1] "ZIC1_Methyl-HT-SELEX_TAAATA40NTAT_KW_NRCCMCCYGCTGTGN_2_4_NO"
[1] "ZNF12_HT-SELEX_TTCGGC40NAGC_KT_GGKSMTRYTTGTTWYAGCANN_2_3_YES"
[1] "ZNF140_HT-SELEX_TGAGGT40NTCC_KS_NRCAATTCCGCTCN_1_3_NO"
[1] "ZNF143_HT-SELEX_TGCAAG20NCG_V_TWCCCAYAATGCATTG_3_4_YES"
[1] "ZNF174_HT-SELEX_TACCGA40NATA_KS_NGNCRATCACTYGNCN_2_3_YES"
[1] "ZNF177_HT-SELEX_TCACAT40NATG_KT_NTYGRTCKNNNNNNNNAGTCATN_1_3_NO"
[1] "ZNF232_HT-SELEX_TATCAT20NACG_W_RTGTTAAAYGTAGATTAAG_2_4_YES"
[1] "ZNF23_HT-SELEX_TGCTTT40NAGA_KT_NKGKCGCGGNCATGGKNGN_2_3_YES"
[1] "ZNF250_HT-SELEX_TGGGTT40NCGT_KN_NTAGGCCYAN_1_3b0_NO"
[1] "ZNF263_HT-SELEX_TTAGTA40NCTC_KS_NGTGCTCCCN_1_4_YES"
[1] "ZNF274_HT-SELEX_TGCAGT40NAAG_KV_NRTRTGAGTTCTCRYN_2_3_NO"
[1] "ZNF276_HT-SELEX_TGCTCA40NCTG_KT_NTTAAGGNNGTANNNWCSNCCTTAN_2_4_YES"
[1] "ZNF281_HT-SELEX_TAAAGT40NAGC_KR_GCCCCTCCCCCM_2_4_YES"
[1] "ZNF282_HT-SELEX_TACCCT40NTTA_KR_NTTCCCMYNACACN_1_3_NO"
[1] "ZNF282_HT-SELEX_TGCCTG20NGA_AC_CTTTCCCMYAACACKNN_2_4_YES"
[1] "ZNF296_HT-SELEX_TTAAGT40NCCT_KS_NASTGGWCASN_1_4_NO"
[1] "ZNF306_HT-SELEX_TAGGGC20NGGT_AD_TGGKCTARCCTCGA_2_4_YES"
[1] "ZNF32_HT-SELEX_TAGGTC40NACG_KAE_NYGTAACNYGAYACN_2_4_NO"
[1] "ZNF343_HT-SELEX_TGGCGT40NCCT_KT_NYGCTTCACCNCGGYMN_2_4_NO"
[1] "ZNF345_HT-SELEX_TGTGGT40NGGC_KT_TTGCAACNNNNNCAACYGKACN_2_3_NO"
[1] "ZNF384_HT-SELEX_TAAATT40NCTG_KT_TTTTTNNNNNNNNNNNNAAAAA_1_4_YES"
[1] "ZNF385D_HT-SELEX_TAAAGT40NAGC_KT_NCGTCGCGACGN_1_3_YES"
[1] "ZNF396_HT-SELEX_TTAAAT40NAAT_KW_NTGTMCGAAAN_1_4_YES"
[1] "ZNF396_Methyl-HT-SELEX_TTTAGA40NGGC_KW_NTGTMCRAAAN_1_4b0_YES"
[1] "ZNF410_HT-SELEX_TGCACT20NGA_AC_NNCATCCCATAATANTC_3_3_YES"
[1] "ZNF435_HT-SELEX_TATTTA20NTTG_W_AGTGTTAACAGARCACCT_3_4_YES"
[1] "ZNF444_HT-SELEX_TCCTGC40NTCG_KAE_NCRTCCCCCTCCCCCN_2_3_NO"
[1] "ZNF449_HT-SELEX_TGCGAG40NTTC_KT_NTCGCGNGCMARCAN_1_4_NO"
[1] "ZNF449_HT-SELEX_TGCGAG40NTTC_KT_RCGCCCAACC_1_4_YES"
[1] "ZNF449_Methyl-HT-SELEX_TTATGG40NCCA_KT_MAGCCCAACC_1_4_YES"
[1] "ZNF454_HT-SELEX_TAGTTC40NATC_KN_NRGCGCCNGGCGCYN_1_3_YES"
[1] "ZNF454_HT-SELEX_TAGTTC40NATC_KN_TRGCGCCGGCGCYN_1_3_YES"
[1] "ZNF460_HT-SELEX_40NTTTATTTATAA_KAK_NAACGCCCCCCGN_1_3b0_YES"
[1] "ZNF501_HT-SELEX_TGTTTA40NACG_KAE_NSSCGACGCGAACMN_2_4b0_NO"
[1] "ZNF524_HT-SELEX_TCTATG40NTAG_AI_ACCCTTGAACCC_2_5_YES"
[1] "ZNF524_HT-SELEX_TCTATG40NTAG_AI_CTCGRACCCGTGCN_2_5_YES"
[1] "ZNF580_HT-SELEX_TGGCCA40NTTC_KAE_MCTACCCYNNNMCTACCCY_2_4_YES"
[1] "ZNF580_HT-SELEX_TGGCCA40NTTC_KAE_NRTTATGTTAAAWWNYTACCNYN_2_4_YES"
[1] "ZNF580_HT-SELEX_TTCAGG40NTGC_KP_CCTACCCTNNCCTACCCY_2_4_YES"
[1] "ZNF660_HT-SELEX_TGCACG40NTTG_KV_NYTGATNNCCCAYCCTRN_2_2_NO"
[1] "ZNF684_HT-SELEX_TACCGG40NAGT_KAF_NYACAGTCCWCCCCTTKN_2_3_YES"
[1] "ZNF704_HT-SELEX_TATTTC40NGCA_KV_NRCCGGCCGGYN_1_2_NO"
[1] "ZNF713_HT-SELEX_TACGGT40NTAC_KP_NAGAAAAAAGACWRGAAAN_2_3_YES"
[1] "ZNF713_HT-SELEX_TACGGT40NTAC_KP_NMGACGACTGCCACGAAAN_2_3_YES"
[1] "ZNF713_HT-SELEX_TAGGAT20NAGT_AD_TAGAYRAYTGMCANGAA_3_4_YES"
[1] "ZNF740_HT-SELEX_TGGTCT20NCTT_Y_NCCCCCCCAC_1_4_NO"
[1] "ZNF75A_HT-SELEX_CCATA14N_V_GCTTTTCCCACA_2_4_YES"
[1] "ZNF771_HT-SELEX_TCTGCA40NATA_KT_NRCGCTAACCATTRN_2_3_NO"
[1] "ZNF784_HT-SELEX_TACCAA40NTTA_KV_STACYTACCKY_1_2_YES"
[1] "ZNF787_HT-SELEX_TCTGCC40NCAC_KV_RATGCMNNNNNNNTGCCTCR_1_4_YES"
[1] "ZNF787_HT-SELEX_TCTGCC40NCAC_KV_TGCCTCMGTTTMCCY_2_4_NO"
[1] "ZNF787_Methyl-HT-SELEX_TAGGGA40NCTG_KV_RATGCMNNNNNNNTGCCTCR_1_4_YES"
[1] "ZNF821_HT-SELEX_TGAGTT40NCGG_KX_NRGACRGACRGACRN_1_4_NO"
[1] "ZSCAN16_HT-SELEX_TCCACC40NTTA_KR_NANTGTTAACAGAGCCTCN_2_4_YES"
[1] "ZSCAN1_HT-SELEX_TGCTCC40NCCG_KP_NYRCACACNCTGMAAMN_2_2_NO"
[1] "ZSCAN23_HT-SELEX_TACTAC40NGCC_KR_NYCATGTGCTAATTACAMN_2_3_NO"
[1] "ZSCAN29_HT-SELEX_40NATTAAATTTAT_KAK_MMGYGTAGMCGKCTACACNN_2_3b0_YES"
[1] "ZSCAN31_HT-SELEX_TGGAGA40NCCA_KV_GCATAACKGCCCTGCKKCN_2_4_NO"
[1] "ZSCAN5A_HT-SELEX_TCGCCC40NCAT_KR_NYGTCCCYCCCCAAANMN_2_2_YES"
[1] "ZSCAN9_HT-SELEX_TAAATT40NCTG_KR_NRGGATAAGATAAGAANCMN_2_3_YES"
[1] "Zfp652_HT-SELEX_TACGAG20NCG_Z_NNAAAGGGTTAAW_2_4_YES"
Job ID: 14619089
Cluster: puhti
User/Group: mariaosm/mariaosm
State: RUNNING
Cores: 1
CPU Utilized: 22:35:40
CPU Efficiency: 80.91% of 1-03:55:36 core-walltime
Job Wall-clock time: 1-03:55:36
Memory Utilized: 1.79 GB
Memory Efficiency: 17.93% of 10.00 GB
Job consumed 55.85 CSC billing units based on following used resources
Billed project: project_2006203
CPU BU: 27.93
Mem BU: 27.93
WARNING: Efficiency statistics may be misleading for RUNNING jobs.
